{"D:\\Documents\\Repositories\\xkeen-ui\\xkeen-go\\web\\src\\components\\AwgTab.vue": {"path":"D:\\Documents\\Repositories\\xkeen-ui\\xkeen-go\\web\\src\\components\\AwgTab.vue","statementMap":{"0":{"start":{"line":286,"column":11},"end":{"line":286,"column":25}},"1":{"start":{"line":288,"column":18},"end":{"line":288,"column":26}},"2":{"start":{"line":289,"column":15},"end":{"line":289,"column":26}},"3":{"start":{"line":290,"column":13},"end":{"line":290,"column":21}},"4":{"start":{"line":291,"column":12},"end":{"line":291,"column":23}},"5":{"start":{"line":293,"column":17},"end":{"line":293,"column":27}},"6":{"start":{"line":294,"column":17},"end":{"line":294,"column":28}},"7":{"start":{"line":297,"column":16},"end":{"line":297,"column":56}},"8":{"start":{"line":298,"column":22},"end":{"line":298,"column":33}},"9":{"start":{"line":300,"column":14},"end":{"line":300,"column":66}},"10":{"start":{"line":301,"column":0},"end":{"line":301,"column":null}},"11":{"start":{"line":301,"column":21},"end":{"line":301,"column":58}},"12":{"start":{"line":303,"column":20},"end":{"line":303,"column":86}},"13":{"start":{"line":303,"column":36},"end":{"line":303,"column":85}},"14":{"start":{"line":303,"column":65},"end":{"line":303,"column":84}},"15":{"start":{"line":304,"column":20},"end":{"line":304,"column":86}},"16":{"start":{"line":304,"column":36},"end":{"line":304,"column":85}},"17":{"start":{"line":304,"column":65},"end":{"line":304,"column":84}},"18":{"start":{"line":307,"column":13},"end":{"line":307,"column":26}},"19":{"start":{"line":308,"column":19},"end":{"line":308,"column":32}},"20":{"start":{"line":311,"column":15},"end":{"line":311,"column":94}},"21":{"start":{"line":312,"column":14},"end":{"line":312,"column":25}},"22":{"start":{"line":315,"column":18},"end":{"line":315,"column":28}},"23":{"start":{"line":316,"column":17},"end":{"line":316,"column":25}},"24":{"start":{"line":319,"column":16},"end":{"line":319,"column":101}},"25":{"start":{"line":322,"column":19},"end":{"line":322,"column":32}},"26":{"start":{"line":324,"column":0},"end":{"line":327,"column":null}},"27":{"start":{"line":325,"column":2},"end":{"line":325,"column":null}},"28":{"start":{"line":326,"column":2},"end":{"line":326,"column":null}},"29":{"start":{"line":332,"column":2},"end":{"line":332,"column":null}},"30":{"start":{"line":333,"column":2},"end":{"line":333,"column":null}},"31":{"start":{"line":334,"column":2},"end":{"line":346,"column":null}},"32":{"start":{"line":335,"column":4},"end":{"line":335,"column":null}},"33":{"start":{"line":336,"column":4},"end":{"line":341,"column":null}},"34":{"start":{"line":337,"column":6},"end":{"line":340,"column":null}},"35":{"start":{"line":338,"column":8},"end":{"line":338,"column":null}},"36":{"start":{"line":339,"column":8},"end":{"line":339,"column":null}},"37":{"start":{"line":343,"column":4},"end":{"line":343,"column":null}},"38":{"start":{"line":345,"column":4},"end":{"line":345,"column":null}},"39":{"start":{"line":350,"column":2},"end":{"line":353,"column":null}},"40":{"start":{"line":351,"column":14},"end":{"line":351,"column":44}},"41":{"start":{"line":352,"column":4},"end":{"line":352,"column":null}},"42":{"start":{"line":357,"column":2},"end":{"line":357,"column":null}},"43":{"start":{"line":358,"column":2},"end":{"line":370,"column":null}},"44":{"start":{"line":359,"column":4},"end":{"line":359,"column":null}},"45":{"start":{"line":360,"column":4},"end":{"line":365,"column":null}},"46":{"start":{"line":367,"column":4},"end":{"line":367,"column":null}},"47":{"start":{"line":369,"column":4},"end":{"line":369,"column":null}},"48":{"start":{"line":374,"column":2},"end":{"line":374,"column":null}},"49":{"start":{"line":375,"column":2},"end":{"line":383,"column":null}},"50":{"start":{"line":376,"column":16},"end":{"line":376,"column":44}},"51":{"start":{"line":377,"column":4},"end":{"line":377,"column":null}},"52":{"start":{"line":379,"column":3},"end":{"line":379,"column":null}},"53":{"start":{"line":380,"column":4},"end":{"line":380,"column":null}},"54":{"start":{"line":382,"column":4},"end":{"line":382,"column":null}},"55":{"start":{"line":389,"column":12},"end":{"line":389,"column":29}},"56":{"start":{"line":390,"column":2},"end":{"line":390,"column":null}},"57":{"start":{"line":390,"column":23},"end":{"line":390,"column":null}},"58":{"start":{"line":391,"column":2},"end":{"line":391,"column":null}},"59":{"start":{"line":391,"column":30},"end":{"line":391,"column":null}},"60":{"start":{"line":392,"column":2},"end":{"line":392,"column":null}},"61":{"start":{"line":392,"column":31},"end":{"line":392,"column":null}},"62":{"start":{"line":393,"column":12},"end":{"line":393,"column":59}},"63":{"start":{"line":393,"column":40},"end":{"line":393,"column":58}},"64":{"start":{"line":394,"column":2},"end":{"line":394,"column":null}},"65":{"start":{"line":398,"column":12},"end":{"line":398,"column":29}},"66":{"start":{"line":399,"column":2},"end":{"line":399,"column":null}},"67":{"start":{"line":399,"column":23},"end":{"line":399,"column":null}},"68":{"start":{"line":400,"column":12},"end":{"line":400,"column":59}},"69":{"start":{"line":400,"column":40},"end":{"line":400,"column":58}},"70":{"start":{"line":401,"column":2},"end":{"line":401,"column":null}},"71":{"start":{"line":401,"column":9},"end":{"line":401,"column":null}},"72":{"start":{"line":402,"column":2},"end":{"line":402,"column":null}},"73":{"start":{"line":402,"column":30},"end":{"line":402,"column":null}},"74":{"start":{"line":403,"column":2},"end":{"line":403,"column":null}},"75":{"start":{"line":407,"column":12},"end":{"line":407,"column":29}},"76":{"start":{"line":408,"column":2},"end":{"line":408,"column":null}},"77":{"start":{"line":408,"column":23},"end":{"line":408,"column":null}},"78":{"start":{"line":409,"column":12},"end":{"line":409,"column":59}},"79":{"start":{"line":409,"column":40},"end":{"line":409,"column":58}},"80":{"start":{"line":410,"column":2},"end":{"line":410,"column":null}},"81":{"start":{"line":414,"column":2},"end":{"line":414,"column":null}},"82":{"start":{"line":415,"column":2},"end":{"line":423,"column":null}},"83":{"start":{"line":416,"column":14},"end":{"line":416,"column":47}},"84":{"start":{"line":417,"column":4},"end":{"line":417,"column":null}},"85":{"start":{"line":418,"column":4},"end":{"line":418,"column":null}},"86":{"start":{"line":420,"column":3},"end":{"line":420,"column":null}},"87":{"start":{"line":422,"column":4},"end":{"line":422,"column":null}},"88":{"start":{"line":427,"column":17},"end":{"line":427,"column":80}},"89":{"start":{"line":427,"column":62},"end":{"line":427,"column":79}},"90":{"start":{"line":428,"column":15},"end":{"line":428,"column":63}},"91":{"start":{"line":429,"column":16},"end":{"line":429,"column":59}},"92":{"start":{"line":429,"column":43},"end":{"line":429,"column":58}},"93":{"start":{"line":430,"column":21},"end":{"line":430,"column":117}},"94":{"start":{"line":431,"column":2},"end":{"line":431,"column":null}},"95":{"start":{"line":431,"column":88},"end":{"line":431,"column":null}},"96":{"start":{"line":432,"column":2},"end":{"line":432,"column":null}},"97":{"start":{"line":433,"column":2},"end":{"line":446,"column":null}},"98":{"start":{"line":434,"column":16},"end":{"line":434,"column":61}},"99":{"start":{"line":436,"column":4},"end":{"line":436,"column":null}},"100":{"start":{"line":437,"column":4},"end":{"line":439,"column":null}},"101":{"start":{"line":438,"column":6},"end":{"line":438,"column":null}},"102":{"start":{"line":441,"column":4},"end":{"line":441,"column":null}},"103":{"start":{"line":443,"column":4},"end":{"line":443,"column":null}},"104":{"start":{"line":445,"column":4},"end":{"line":445,"column":null}},"105":{"start":{"line":452,"column":15},"end":{"line":452,"column":32}},"106":{"start":{"line":453,"column":2},"end":{"line":453,"column":null}},"107":{"start":{"line":454,"column":2},"end":{"line":454,"column":null}},"108":{"start":{"line":454,"column":12},"end":{"line":454,"column":null}},"109":{"start":{"line":458,"column":2},"end":{"line":458,"column":null}},"110":{"start":{"line":459,"column":2},"end":{"line":459,"column":null}},"111":{"start":{"line":460,"column":2},"end":{"line":471,"column":null}},"112":{"start":{"line":461,"column":16},"end":{"line":461,"column":47}},"113":{"start":{"line":462,"column":4},"end":{"line":462,"column":null}},"114":{"start":{"line":464,"column":4},"end":{"line":465,"column":null}},"115":{"start":{"line":464,"column":31},"end":{"line":464,"column":null}},"116":{"start":{"line":465,"column":9},"end":{"line":465,"column":null}},"117":{"start":{"line":466,"column":4},"end":{"line":466,"column":null}},"118":{"start":{"line":468,"column":4},"end":{"line":468,"column":null}},"119":{"start":{"line":470,"column":4},"end":{"line":470,"column":null}},"120":{"start":{"line":477,"column":2},"end":{"line":477,"column":null}},"121":{"start":{"line":478,"column":2},"end":{"line":478,"column":null}},"122":{"start":{"line":479,"column":2},"end":{"line":486,"column":null}},"123":{"start":{"line":480,"column":4},"end":{"line":480,"column":null}},"124":{"start":{"line":481,"column":4},"end":{"line":481,"column":null}},"125":{"start":{"line":483,"column":4},"end":{"line":483,"column":null}},"126":{"start":{"line":485,"column":4},"end":{"line":485,"column":null}},"127":{"start":{"line":490,"column":2},"end":{"line":490,"column":null}},"128":{"start":{"line":491,"column":2},"end":{"line":491,"column":null}},"129":{"start":{"line":492,"column":2},"end":{"line":499,"column":null}},"130":{"start":{"line":493,"column":4},"end":{"line":493,"column":null}},"131":{"start":{"line":494,"column":4},"end":{"line":494,"column":null}},"132":{"start":{"line":496,"column":4},"end":{"line":496,"column":null}},"133":{"start":{"line":498,"column":4},"end":{"line":498,"column":null}},"134":{"start":{"line":503,"column":2},"end":{"line":508,"column":null}},"135":{"start":{"line":503,"column":15},"end":{"line":503,"column":16}},"136":{"start":{"line":504,"column":4},"end":{"line":504,"column":null}},"137":{"start":{"line":505,"column":18},"end":{"line":505,"column":61}},"138":{"start":{"line":505,"column":45},"end":{"line":505,"column":60}},"139":{"start":{"line":506,"column":4},"end":{"line":506,"column":null}},"140":{"start":{"line":506,"column":46},"end":{"line":506,"column":null}},"141":{"start":{"line":507,"column":4},"end":{"line":507,"column":null}},"142":{"start":{"line":507,"column":27},"end":{"line":507,"column":45}},"143":{"start":{"line":512,"column":15},"end":{"line":512,"column":62}},"144":{"start":{"line":513,"column":2},"end":{"line":513,"column":null}},"145":{"start":{"line":513,"column":90},"end":{"line":513,"column":null}},"146":{"start":{"line":514,"column":2},"end":{"line":514,"column":null}},"147":{"start":{"line":515,"column":2},"end":{"line":515,"column":null}},"148":{"start":{"line":516,"column":2},"end":{"line":523,"column":null}},"149":{"start":{"line":517,"column":4},"end":{"line":517,"column":null}},"150":{"start":{"line":518,"column":4},"end":{"line":518,"column":null}},"151":{"start":{"line":520,"column":4},"end":{"line":520,"column":null}},"152":{"start":{"line":522,"column":4},"end":{"line":522,"column":null}},"153":{"start":{"line":529,"column":2},"end":{"line":529,"column":null}},"154":{"start":{"line":530,"column":2},"end":{"line":530,"column":null}},"155":{"start":{"line":531,"column":2},"end":{"line":531,"column":null}},"156":{"start":{"line":532,"column":2},"end":{"line":532,"column":null}},"157":{"start":{"line":533,"column":2},"end":{"line":533,"column":null}},"158":{"start":{"line":534,"column":2},"end":{"line":534,"column":null}},"159":{"start":{"line":535,"column":2},"end":{"line":535,"column":null}},"160":{"start":{"line":536,"column":2},"end":{"line":536,"column":null}},"161":{"start":{"line":540,"column":2},"end":{"line":540,"column":null}},"162":{"start":{"line":541,"column":2},"end":{"line":541,"column":null}},"163":{"start":{"line":542,"column":2},"end":{"line":542,"column":null}},"164":{"start":{"line":546,"column":2},"end":{"line":546,"column":null}},"165":{"start":{"line":547,"column":2},"end":{"line":568,"column":null}},"166":{"start":{"line":548,"column":4},"end":{"line":548,"column":null}},"167":{"start":{"line":549,"column":4},"end":{"line":549,"column":null}},"168":{"start":{"line":551,"column":4},"end":{"line":562,"column":null}},"169":{"start":{"line":552,"column":6},"end":{"line":557,"column":null}},"170":{"start":{"line":559,"column":5},"end":{"line":559,"column":null}},"171":{"start":{"line":560,"column":6},"end":{"line":560,"column":null}},"172":{"start":{"line":561,"column":6},"end":{"line":561,"column":null}},"173":{"start":{"line":564,"column":4},"end":{"line":564,"column":null}},"174":{"start":{"line":565,"column":4},"end":{"line":565,"column":null}},"175":{"start":{"line":567,"column":4},"end":{"line":567,"column":null}},"176":{"start":{"line":572,"column":16},"end":{"line":572,"column":55}},"177":{"start":{"line":573,"column":2},"end":{"line":573,"column":null}},"178":{"start":{"line":573,"column":47},"end":{"line":573,"column":null}},"179":{"start":{"line":574,"column":2},"end":{"line":574,"column":null}},"180":{"start":{"line":575,"column":2},"end":{"line":582,"column":null}},"181":{"start":{"line":576,"column":4},"end":{"line":576,"column":null}},"182":{"start":{"line":577,"column":4},"end":{"line":577,"column":null}},"183":{"start":{"line":579,"column":4},"end":{"line":579,"column":null}},"184":{"start":{"line":581,"column":4},"end":{"line":581,"column":null}},"185":{"start":{"line":588,"column":2},"end":{"line":588,"column":null}},"186":{"start":{"line":588,"column":32},"end":{"line":588,"column":null}},"187":{"start":{"line":589,"column":2},"end":{"line":589,"column":null}},"188":{"start":{"line":595,"column":2},"end":{"line":595,"column":null}},"189":{"start":{"line":596,"column":2},"end":{"line":596,"column":null}},"190":{"start":{"line":597,"column":2},"end":{"line":597,"column":null}},"191":{"start":{"line":598,"column":2},"end":{"line":598,"column":null}},"192":{"start":{"line":599,"column":2},"end":{"line":599,"column":null}},"193":{"start":{"line":600,"column":2},"end":{"line":600,"column":null}},"194":{"start":{"line":601,"column":2},"end":{"line":601,"column":null}},"195":{"start":{"line":602,"column":2},"end":{"line":602,"column":null}},"196":{"start":{"line":603,"column":2},"end":{"line":603,"column":null}},"197":{"start":{"line":604,"column":2},"end":{"line":623,"column":null}},"198":{"start":{"line":605,"column":16},"end":{"line":605,"column":63}},"199":{"start":{"line":606,"column":4},"end":{"line":606,"column":null}},"200":{"start":{"line":607,"column":4},"end":{"line":617,"column":null}},"201":{"start":{"line":608,"column":6},"end":{"line":613,"column":null}},"202":{"start":{"line":615,"column":5},"end":{"line":615,"column":null}},"203":{"start":{"line":616,"column":6},"end":{"line":616,"column":null}},"204":{"start":{"line":619,"column":4},"end":{"line":619,"column":null}},"205":{"start":{"line":620,"column":4},"end":{"line":620,"column":null}},"206":{"start":{"line":622,"column":4},"end":{"line":622,"column":null}},"207":{"start":{"line":627,"column":2},"end":{"line":627,"column":null}},"208":{"start":{"line":628,"column":2},"end":{"line":628,"column":null}},"209":{"start":{"line":629,"column":2},"end":{"line":629,"column":null}},"210":{"start":{"line":633,"column":2},"end":{"line":633,"column":null}},"211":{"start":{"line":633,"column":24},"end":{"line":633,"column":null}},"212":{"start":{"line":634,"column":15},"end":{"line":634,"column":66}},"213":{"start":{"line":635,"column":14},"end":{"line":635,"column":39}},"214":{"start":{"line":636,"column":12},"end":{"line":636,"column":39}},"215":{"start":{"line":637,"column":2},"end":{"line":637,"column":null}},"216":{"start":{"line":638,"column":2},"end":{"line":638,"column":null}},"217":{"start":{"line":639,"column":2},"end":{"line":639,"column":null}},"218":{"start":{"line":640,"column":2},"end":{"line":640,"column":null}},"219":{"start":{"line":644,"column":15},"end":{"line":644,"column":78}},"220":{"start":{"line":645,"column":2},"end":{"line":645,"column":null}},"221":{"start":{"line":645,"column":13},"end":{"line":645,"column":null}},"222":{"start":{"line":646,"column":2},"end":{"line":650,"column":null}},"223":{"start":{"line":647,"column":4},"end":{"line":647,"column":null}},"224":{"start":{"line":648,"column":4},"end":{"line":648,"column":null}},"225":{"start":{"line":649,"column":4},"end":{"line":649,"column":null}},"226":{"start":{"line":649,"column":23},"end":{"line":649,"column":44}},"227":{"start":{"line":654,"column":2},"end":{"line":654,"column":null}},"228":{"start":{"line":654,"column":38},"end":{"line":654,"column":null}},"229":{"start":{"line":655,"column":16},"end":{"line":655,"column":69}},"230":{"start":{"line":656,"column":15},"end":{"line":656,"column":79}},"231":{"start":{"line":657,"column":14},"end":{"line":657,"column":39}},"232":{"start":{"line":658,"column":12},"end":{"line":658,"column":39}},"233":{"start":{"line":659,"column":2},"end":{"line":659,"column":null}},"234":{"start":{"line":660,"column":2},"end":{"line":660,"column":null}},"235":{"start":{"line":661,"column":2},"end":{"line":661,"column":null}},"236":{"start":{"line":662,"column":2},"end":{"line":662,"column":null}},"237":{"start":{"line":2,"column":7},"end":{"line":2,"column":null}},"238":{"start":{"line":4,"column":9},"end":{"line":4,"column":null}},"239":{"start":{"line":5,"column":11},"end":{"line":5,"column":null}},"240":{"start":{"line":32,"column":9},"end":{"line":32,"column":null}},"241":{"start":{"line":40,"column":72},"end":{"line":40,"column":null}},"242":{"start":{"line":51,"column":15},"end":{"line":51,"column":null}},"243":{"start":{"line":52,"column":17},"end":{"line":52,"column":null}},"244":{"start":{"line":54,"column":20},"end":{"line":54,"column":46}},"245":{"start":{"line":59,"column":17},"end":{"line":59,"column":null}},"246":{"start":{"line":65,"column":15},"end":{"line":65,"column":null}},"247":{"start":{"line":66,"column":17},"end":{"line":66,"column":null}},"248":{"start":{"line":67,"column":19},"end":{"line":67,"column":36}},"249":{"start":{"line":80,"column":13},"end":{"line":80,"column":null}},"250":{"start":{"line":87,"column":15},"end":{"line":87,"column":null}},"251":{"start":{"line":89,"column":17},"end":{"line":89,"column":null}},"252":{"start":{"line":90,"column":21},"end":{"line":90,"column":null}},"253":{"start":{"line":94,"column":21},"end":{"line":94,"column":null}},"254":{"start":{"line":98,"column":21},"end":{"line":98,"column":null}},"255":{"start":{"line":120,"column":15},"end":{"line":120,"column":null}},"256":{"start":{"line":121,"column":17},"end":{"line":121,"column":null}},"257":{"start":{"line":123,"column":20},"end":{"line":123,"column":46}},"258":{"start":{"line":129,"column":17},"end":{"line":129,"column":null}},"259":{"start":{"line":135,"column":15},"end":{"line":135,"column":null}},"260":{"start":{"line":153,"column":17},"end":{"line":153,"column":null}},"261":{"start":{"line":154,"column":19},"end":{"line":154,"column":null}},"262":{"start":{"line":155,"column":22},"end":{"line":155,"column":46}},"263":{"start":{"line":165,"column":23},"end":{"line":165,"column":null}},"264":{"start":{"line":167,"column":26},"end":{"line":167,"column":49}},"265":{"start":{"line":171,"column":23},"end":{"line":171,"column":null}},"266":{"start":{"line":184,"column":11},"end":{"line":184,"column":null}},"267":{"start":{"line":185,"column":13},"end":{"line":185,"column":null}},"268":{"start":{"line":189,"column":13},"end":{"line":189,"column":null}},"269":{"start":{"line":196,"column":17},"end":{"line":196,"column":null}},"270":{"start":{"line":205,"column":17},"end":{"line":205,"column":43}},"271":{"start":{"line":209,"column":17},"end":{"line":209,"column":null}},"272":{"start":{"line":221,"column":24},"end":{"line":221,"column":null}},"273":{"start":{"line":222,"column":19},"end":{"line":222,"column":46}},"274":{"start":{"line":236,"column":11},"end":{"line":236,"column":null}},"275":{"start":{"line":237,"column":13},"end":{"line":237,"column":null}},"276":{"start":{"line":241,"column":13},"end":{"line":241,"column":null}},"277":{"start":{"line":244,"column":17},"end":{"line":244,"column":60}},"278":{"start":{"line":251,"column":17},"end":{"line":251,"column":null}},"279":{"start":{"line":263,"column":24},"end":{"line":263,"column":null}},"280":{"start":{"line":264,"column":19},"end":{"line":264,"column":46}},"281":{"start":{"line":2,"column":2},"end":{"line":269,"column":85}},"282":{"start":{"line":6,"column":91},"end":{"line":6,"column":null}},"283":{"start":{"line":11,"column":91},"end":{"line":11,"column":null}},"284":{"start":{"line":17,"column":56},"end":{"line":17,"column":82}},"285":{"start":{"line":28,"column":47},"end":{"line":28,"column":59}},"286":{"start":{"line":45,"column":48},"end":{"line":45,"column":73}},"287":{"start":{"line":50,"column":8},"end":{"line":71,"column":null}},"288":{"start":{"line":60,"column":82},"end":{"line":60,"column":107}},"289":{"start":{"line":61,"column":69},"end":{"line":61,"column":93}},"290":{"start":{"line":62,"column":60},"end":{"line":62,"column":86}},"291":{"start":{"line":92,"column":32},"end":{"line":92,"column":46}},"292":{"start":{"line":96,"column":32},"end":{"line":96,"column":46}},"293":{"start":{"line":100,"column":32},"end":{"line":100,"column":51}},"294":{"start":{"line":102,"column":61},"end":{"line":102,"column":83}},"295":{"start":{"line":115,"column":50},"end":{"line":115,"column":75}},"296":{"start":{"line":119,"column":8},"end":{"line":172,"column":144}},"297":{"start":{"line":130,"column":82},"end":{"line":130,"column":107}},"298":{"start":{"line":131,"column":69},"end":{"line":131,"column":93}},"299":{"start":{"line":132,"column":60},"end":{"line":132,"column":86}},"300":{"start":{"line":143,"column":31},"end":{"line":143,"column":null}},"301":{"start":{"line":145,"column":16},"end":{"line":145,"column":116}},"302":{"start":{"line":156,"column":63},"end":{"line":156,"column":89}},"303":{"start":{"line":162,"column":16},"end":{"line":172,"column":144}},"304":{"start":{"line":164,"column":29},"end":{"line":164,"column":null}},"305":{"start":{"line":172,"column":71},"end":{"line":172,"column":102}},"306":{"start":{"line":193,"column":28},"end":{"line":193,"column":43}},"307":{"start":{"line":211,"column":30},"end":{"line":211,"column":49}},"308":{"start":{"line":213,"column":30},"end":{"line":213,"column":51}},"309":{"start":{"line":253,"column":30},"end":{"line":253,"column":49}},"310":{"start":{"line":255,"column":30},"end":{"line":255,"column":51}}},"fnMap":{"0":{"name":"(anonymous_0)","decl":{"start":{"line":301,"column":14},"end":{"line":301,"column":15}},"loc":{"start":{"line":301,"column":21},"end":{"line":301,"column":58}},"line":301},"1":{"name":"(anonymous_1)","decl":{"start":{"line":303,"column":30},"end":{"line":303,"column":31}},"loc":{"start":{"line":303,"column":36},"end":{"line":303,"column":85}},"line":303},"2":{"name":"(anonymous_2)","decl":{"start":{"line":303,"column":60},"end":{"line":303,"column":61}},"loc":{"start":{"line":303,"column":65},"end":{"line":303,"column":84}},"line":303},"3":{"name":"(anonymous_3)","decl":{"start":{"line":304,"column":30},"end":{"line":304,"column":31}},"loc":{"start":{"line":304,"column":36},"end":{"line":304,"column":85}},"line":304},"4":{"name":"(anonymous_4)","decl":{"start":{"line":304,"column":60},"end":{"line":304,"column":61}},"loc":{"start":{"line":304,"column":65},"end":{"line":304,"column":84}},"line":304},"5":{"name":"(anonymous_5)","decl":{"start":{"line":324,"column":10},"end":{"line":324,"column":11}},"loc":{"start":{"line":324,"column":16},"end":{"line":327,"column":1}},"line":324},"6":{"name":"loadInterfaces","decl":{"start":{"line":331,"column":15},"end":{"line":331,"column":29}},"loc":{"start":{"line":331,"column":32},"end":{"line":347,"column":null}},"line":331},"7":{"name":"loadIfaceSettings","decl":{"start":{"line":349,"column":15},"end":{"line":349,"column":32}},"loc":{"start":{"line":349,"column":35},"end":{"line":354,"column":null}},"line":349},"8":{"name":"saveIfaceSettings","decl":{"start":{"line":356,"column":15},"end":{"line":356,"column":32}},"loc":{"start":{"line":356,"column":35},"end":{"line":371,"column":null}},"line":356},"9":{"name":"loadPeers","decl":{"start":{"line":373,"column":15},"end":{"line":373,"column":24}},"loc":{"start":{"line":373,"column":31},"end":{"line":384,"column":null}},"line":373},"10":{"name":"obfuscationPresetName","decl":{"start":{"line":388,"column":9},"end":{"line":388,"column":30}},"loc":{"start":{"line":388,"column":37},"end":{"line":395,"column":null}},"line":388},"11":{"name":"(anonymous_11)","decl":{"start":{"line":393,"column":35},"end":{"line":393,"column":36}},"loc":{"start":{"line":393,"column":40},"end":{"line":393,"column":58}},"line":393},"12":{"name":"currentObfDescription","decl":{"start":{"line":397,"column":9},"end":{"line":397,"column":30}},"loc":{"start":{"line":397,"column":37},"end":{"line":404,"column":null}},"line":397},"13":{"name":"(anonymous_13)","decl":{"start":{"line":400,"column":35},"end":{"line":400,"column":36}},"loc":{"start":{"line":400,"column":40},"end":{"line":400,"column":58}},"line":400},"14":{"name":"currentObfWarning","decl":{"start":{"line":406,"column":9},"end":{"line":406,"column":26}},"loc":{"start":{"line":406,"column":33},"end":{"line":411,"column":null}},"line":406},"15":{"name":"(anonymous_15)","decl":{"start":{"line":409,"column":35},"end":{"line":409,"column":36}},"loc":{"start":{"line":409,"column":40},"end":{"line":409,"column":58}},"line":409},"16":{"name":"loadObfuscation","decl":{"start":{"line":413,"column":15},"end":{"line":413,"column":30}},"loc":{"start":{"line":413,"column":37},"end":{"line":424,"column":null}},"line":413},"17":{"name":"applyObfuscationPreset","decl":{"start":{"line":426,"column":15},"end":{"line":426,"column":37}},"loc":{"start":{"line":426,"column":54},"end":{"line":447,"column":null}},"line":426},"18":{"name":"(anonymous_18)","decl":{"start":{"line":427,"column":57},"end":{"line":427,"column":58}},"loc":{"start":{"line":427,"column":62},"end":{"line":427,"column":79}},"line":427},"19":{"name":"(anonymous_19)","decl":{"start":{"line":429,"column":38},"end":{"line":429,"column":39}},"loc":{"start":{"line":429,"column":43},"end":{"line":429,"column":58}},"line":429},"20":{"name":"onFilePicked","decl":{"start":{"line":451,"column":9},"end":{"line":451,"column":21}},"loc":{"start":{"line":451,"column":25},"end":{"line":455,"column":null}},"line":451},"21":{"name":"doUpload","decl":{"start":{"line":457,"column":15},"end":{"line":457,"column":23}},"loc":{"start":{"line":457,"column":30},"end":{"line":472,"column":null}},"line":457},"22":{"name":"startIface","decl":{"start":{"line":476,"column":15},"end":{"line":476,"column":25}},"loc":{"start":{"line":476,"column":32},"end":{"line":487,"column":null}},"line":476},"23":{"name":"stopIface","decl":{"start":{"line":489,"column":15},"end":{"line":489,"column":24}},"loc":{"start":{"line":489,"column":31},"end":{"line":500,"column":null}},"line":489},"24":{"name":"pollStatus","decl":{"start":{"line":502,"column":15},"end":{"line":502,"column":25}},"loc":{"start":{"line":502,"column":44},"end":{"line":509,"column":null}},"line":502},"25":{"name":"(anonymous_25)","decl":{"start":{"line":505,"column":40},"end":{"line":505,"column":41}},"loc":{"start":{"line":505,"column":45},"end":{"line":505,"column":60}},"line":505},"26":{"name":"(anonymous_26)","decl":{"start":{"line":507,"column":22},"end":{"line":507,"column":23}},"loc":{"start":{"line":507,"column":27},"end":{"line":507,"column":45}},"line":507},"27":{"name":"deleteIface","decl":{"start":{"line":511,"column":15},"end":{"line":511,"column":26}},"loc":{"start":{"line":511,"column":33},"end":{"line":524,"column":null}},"line":511},"28":{"name":"openAddPeer","decl":{"start":{"line":528,"column":9},"end":{"line":528,"column":20}},"loc":{"start":{"line":528,"column":33},"end":{"line":537,"column":null}},"line":528},"29":{"name":"closeAddPeer","decl":{"start":{"line":539,"column":9},"end":{"line":539,"column":21}},"loc":{"start":{"line":539,"column":24},"end":{"line":543,"column":null}},"line":539},"30":{"name":"doAddPeer","decl":{"start":{"line":545,"column":15},"end":{"line":545,"column":24}},"loc":{"start":{"line":545,"column":27},"end":{"line":569,"column":null}},"line":545},"31":{"name":"removePeer","decl":{"start":{"line":571,"column":15},"end":{"line":571,"column":25}},"loc":{"start":{"line":571,"column":44},"end":{"line":583,"column":null}},"line":571},"32":{"name":"shortenKey","decl":{"start":{"line":587,"column":9},"end":{"line":587,"column":19}},"loc":{"start":{"line":587,"column":25},"end":{"line":590,"column":null}},"line":587},"33":{"name":"showPeerQR","decl":{"start":{"line":594,"column":15},"end":{"line":594,"column":25}},"loc":{"start":{"line":594,"column":44},"end":{"line":624,"column":null}},"line":594},"34":{"name":"closePeerView","decl":{"start":{"line":626,"column":9},"end":{"line":626,"column":22}},"loc":{"start":{"line":626,"column":25},"end":{"line":630,"column":null}},"line":626},"35":{"name":"downloadPeerConfig","decl":{"start":{"line":632,"column":9},"end":{"line":632,"column":27}},"loc":{"start":{"line":632,"column":30},"end":{"line":641,"column":null}},"line":632},"36":{"name":"copyConfig","decl":{"start":{"line":643,"column":15},"end":{"line":643,"column":25}},"loc":{"start":{"line":643,"column":28},"end":{"line":651,"column":null}},"line":643},"37":{"name":"(anonymous_37)","decl":{"start":{"line":649,"column":15},"end":{"line":649,"column":16}},"loc":{"start":{"line":649,"column":21},"end":{"line":649,"column":46}},"line":649},"38":{"name":"downloadConfig","decl":{"start":{"line":653,"column":9},"end":{"line":653,"column":23}},"loc":{"start":{"line":653,"column":26},"end":{"line":663,"column":null}},"line":653},"39":{"name":"(anonymous_39)","decl":{"start":{"line":6,"column":89},"end":{"line":6,"column":91}},"loc":{"start":{"line":6,"column":91},"end":{"line":6,"column":null}},"line":6},"40":{"name":"(anonymous_40)","decl":{"start":{"line":11,"column":89},"end":{"line":11,"column":91}},"loc":{"start":{"line":11,"column":91},"end":{"line":11,"column":null}},"line":11},"41":{"name":"(anonymous_41)","decl":{"start":{"line":17,"column":54},"end":{"line":17,"column":56}},"loc":{"start":{"line":17,"column":56},"end":{"line":17,"column":82}},"line":17},"42":{"name":"(anonymous_42)","decl":{"start":{"line":28,"column":45},"end":{"line":28,"column":47}},"loc":{"start":{"line":28,"column":47},"end":{"line":28,"column":59}},"line":28},"43":{"name":"(anonymous_43)","decl":{"start":{"line":45,"column":46},"end":{"line":45,"column":48}},"loc":{"start":{"line":45,"column":48},"end":{"line":45,"column":73}},"line":45},"44":{"name":"(anonymous_44)","decl":{"start":{"line":50,"column":41},"end":{"line":50,"column":44}},"loc":{"start":{"line":50,"column":25},"end":{"line":71,"column":null}},"line":50},"45":{"name":"(anonymous_45)","decl":{"start":{"line":60,"column":80},"end":{"line":60,"column":82}},"loc":{"start":{"line":60,"column":82},"end":{"line":60,"column":107}},"line":60},"46":{"name":"(anonymous_46)","decl":{"start":{"line":61,"column":67},"end":{"line":61,"column":69}},"loc":{"start":{"line":61,"column":69},"end":{"line":61,"column":93}},"line":61},"47":{"name":"(anonymous_47)","decl":{"start":{"line":62,"column":58},"end":{"line":62,"column":60}},"loc":{"start":{"line":62,"column":60},"end":{"line":62,"column":86}},"line":62},"48":{"name":"(anonymous_48)","decl":{"start":{"line":92,"column":32},"end":{"line":92,"column":40}},"loc":{"start":{"line":92,"column":32},"end":{"line":92,"column":46}},"line":92},"49":{"name":"(anonymous_49)","decl":{"start":{"line":96,"column":32},"end":{"line":96,"column":40}},"loc":{"start":{"line":96,"column":32},"end":{"line":96,"column":46}},"line":96},"50":{"name":"(anonymous_50)","decl":{"start":{"line":100,"column":32},"end":{"line":100,"column":40}},"loc":{"start":{"line":100,"column":32},"end":{"line":100,"column":51}},"line":100},"51":{"name":"(anonymous_51)","decl":{"start":{"line":102,"column":59},"end":{"line":102,"column":61}},"loc":{"start":{"line":102,"column":61},"end":{"line":102,"column":83}},"line":102},"52":{"name":"(anonymous_52)","decl":{"start":{"line":115,"column":48},"end":{"line":115,"column":50}},"loc":{"start":{"line":115,"column":50},"end":{"line":115,"column":75}},"line":115},"53":{"name":"(anonymous_53)","decl":{"start":{"line":119,"column":41},"end":{"line":119,"column":44}},"loc":{"start":{"line":119,"column":25},"end":{"line":172,"column":144}},"line":119},"54":{"name":"(anonymous_54)","decl":{"start":{"line":130,"column":80},"end":{"line":130,"column":82}},"loc":{"start":{"line":130,"column":82},"end":{"line":130,"column":107}},"line":130},"55":{"name":"(anonymous_55)","decl":{"start":{"line":131,"column":67},"end":{"line":131,"column":69}},"loc":{"start":{"line":131,"column":69},"end":{"line":131,"column":93}},"line":131},"56":{"name":"(anonymous_56)","decl":{"start":{"line":132,"column":58},"end":{"line":132,"column":60}},"loc":{"start":{"line":132,"column":60},"end":{"line":132,"column":86}},"line":132},"57":{"name":"(anonymous_57)","decl":{"start":{"line":143,"column":29},"end":{"line":143,"column":31}},"loc":{"start":{"line":143,"column":31},"end":{"line":143,"column":null}},"line":143},"58":{"name":"(anonymous_58)","decl":{"start":{"line":145,"column":67},"end":{"line":145,"column":70}},"loc":{"start":{"line":145,"column":32},"end":{"line":145,"column":116}},"line":145},"59":{"name":"(anonymous_59)","decl":{"start":{"line":156,"column":61},"end":{"line":156,"column":63}},"loc":{"start":{"line":156,"column":63},"end":{"line":156,"column":89}},"line":156},"60":{"name":"(anonymous_60)","decl":{"start":{"line":162,"column":53},"end":{"line":162,"column":64}},"loc":{"start":{"line":162,"column":32},"end":{"line":172,"column":144}},"line":162},"61":{"name":"(anonymous_61)","decl":{"start":{"line":164,"column":27},"end":{"line":164,"column":29}},"loc":{"start":{"line":164,"column":29},"end":{"line":164,"column":null}},"line":164},"62":{"name":"(anonymous_62)","decl":{"start":{"line":172,"column":64},"end":{"line":172,"column":71}},"loc":{"start":{"line":172,"column":71},"end":{"line":172,"column":102}},"line":172},"63":{"name":"(anonymous_63)","decl":{"start":{"line":193,"column":28},"end":{"line":193,"column":35}},"loc":{"start":{"line":193,"column":28},"end":{"line":193,"column":43}},"line":193},"64":{"name":"(anonymous_64)","decl":{"start":{"line":211,"column":28},"end":{"line":211,"column":30}},"loc":{"start":{"line":211,"column":30},"end":{"line":211,"column":49}},"line":211},"65":{"name":"(anonymous_65)","decl":{"start":{"line":213,"column":28},"end":{"line":213,"column":30}},"loc":{"start":{"line":213,"column":30},"end":{"line":213,"column":51}},"line":213},"66":{"name":"(anonymous_66)","decl":{"start":{"line":253,"column":28},"end":{"line":253,"column":30}},"loc":{"start":{"line":253,"column":30},"end":{"line":253,"column":49}},"line":253},"67":{"name":"(anonymous_67)","decl":{"start":{"line":255,"column":28},"end":{"line":255,"column":30}},"loc":{"start":{"line":255,"column":30},"end":{"line":255,"column":51}},"line":255}},"branchMap":{"0":{"loc":{"start":{"line":300,"column":19},"end":{"line":300,"column":65}},"type":"binary-expr","locations":[{"start":{"line":300,"column":19},"end":{"line":300,"column":53}},{"start":{"line":300,"column":57},"end":{"line":300,"column":65}}],"line":300},"1":{"loc":{"start":{"line":337,"column":6},"end":{"line":340,"column":null}},"type":"if","locations":[{"start":{"line":337,"column":6},"end":{"line":340,"column":null}},{"start":{},"end":{}}],"line":337},"2":{"loc":{"start":{"line":343,"column":46},"end":{"line":343,"column":60}},"type":"binary-expr","locations":[{"start":{"line":343,"column":46},"end":{"line":343,"column":55}},{"start":{"line":343,"column":59},"end":{"line":343,"column":60}}],"line":343},"3":{"loc":{"start":{"line":352,"column":28},"end":{"line":352,"column":45}},"type":"binary-expr","locations":[{"start":{"line":352,"column":28},"end":{"line":352,"column":39}},{"start":{"line":352,"column":43},"end":{"line":352,"column":45}}],"line":352},"4":{"loc":{"start":{"line":352,"column":52},"end":{"line":352,"column":69}},"type":"binary-expr","locations":[{"start":{"line":352,"column":52},"end":{"line":352,"column":63}},{"start":{"line":352,"column":67},"end":{"line":352,"column":69}}],"line":352},"5":{"loc":{"start":{"line":352,"column":81},"end":{"line":352,"column":97}},"type":"binary-expr","locations":[{"start":{"line":352,"column":81},"end":{"line":352,"column":91}},{"start":{"line":352,"column":95},"end":{"line":352,"column":97}}],"line":352},"6":{"loc":{"start":{"line":361,"column":6},"end":{"line":363,"column":35}},"type":"cond-expr","locations":[{"start":{"line":362,"column":10},"end":{"line":362,"column":null}},{"start":{"line":363,"column":10},"end":{"line":363,"column":35}}],"line":361},"7":{"loc":{"start":{"line":361,"column":6},"end":{"line":361,"column":null}},"type":"binary-expr","locations":[{"start":{"line":361,"column":6},"end":{"line":361,"column":24}},{"start":{"line":361,"column":28},"end":{"line":361,"column":null}}],"line":361},"8":{"loc":{"start":{"line":367,"column":18},"end":{"line":367,"column":50}},"type":"binary-expr","locations":[{"start":{"line":367,"column":18},"end":{"line":367,"column":27}},{"start":{"line":367,"column":31},"end":{"line":367,"column":50}}],"line":367},"9":{"loc":{"start":{"line":377,"column":18},"end":{"line":377,"column":33}},"type":"binary-expr","locations":[{"start":{"line":377,"column":18},"end":{"line":377,"column":27}},{"start":{"line":377,"column":31},"end":{"line":377,"column":33}}],"line":377},"10":{"loc":{"start":{"line":390,"column":2},"end":{"line":390,"column":null}},"type":"if","locations":[{"start":{"line":390,"column":2},"end":{"line":390,"column":null}},{"start":{},"end":{}}],"line":390},"11":{"loc":{"start":{"line":390,"column":6},"end":{"line":390,"column":21}},"type":"binary-expr","locations":[{"start":{"line":390,"column":6},"end":{"line":390,"column":8}},{"start":{"line":390,"column":12},"end":{"line":390,"column":21}}],"line":390},"12":{"loc":{"start":{"line":391,"column":2},"end":{"line":391,"column":null}},"type":"if","locations":[{"start":{"line":391,"column":2},"end":{"line":391,"column":null}},{"start":{},"end":{}}],"line":391},"13":{"loc":{"start":{"line":392,"column":2},"end":{"line":392,"column":null}},"type":"if","locations":[{"start":{"line":392,"column":2},"end":{"line":392,"column":null}},{"start":{},"end":{}}],"line":392},"14":{"loc":{"start":{"line":393,"column":13},"end":{"line":393,"column":28}},"type":"binary-expr","locations":[{"start":{"line":393,"column":13},"end":{"line":393,"column":22}},{"start":{"line":393,"column":26},"end":{"line":393,"column":28}}],"line":393},"15":{"loc":{"start":{"line":394,"column":9},"end":{"line":394,"column":31}},"type":"cond-expr","locations":[{"start":{"line":394,"column":13},"end":{"line":394,"column":19}},{"start":{"line":394,"column":22},"end":{"line":394,"column":31}}],"line":394},"16":{"loc":{"start":{"line":399,"column":2},"end":{"line":399,"column":null}},"type":"if","locations":[{"start":{"line":399,"column":2},"end":{"line":399,"column":null}},{"start":{},"end":{}}],"line":399},"17":{"loc":{"start":{"line":399,"column":6},"end":{"line":399,"column":21}},"type":"binary-expr","locations":[{"start":{"line":399,"column":6},"end":{"line":399,"column":8}},{"start":{"line":399,"column":12},"end":{"line":399,"column":21}}],"line":399},"18":{"loc":{"start":{"line":400,"column":13},"end":{"line":400,"column":28}},"type":"binary-expr","locations":[{"start":{"line":400,"column":13},"end":{"line":400,"column":22}},{"start":{"line":400,"column":26},"end":{"line":400,"column":28}}],"line":400},"19":{"loc":{"start":{"line":401,"column":2},"end":{"line":401,"column":null}},"type":"if","locations":[{"start":{"line":401,"column":2},"end":{"line":401,"column":null}},{"start":{},"end":{}}],"line":401},"20":{"loc":{"start":{"line":401,"column":16},"end":{"line":401,"column":35}},"type":"binary-expr","locations":[{"start":{"line":401,"column":16},"end":{"line":401,"column":29}},{"start":{"line":401,"column":33},"end":{"line":401,"column":35}}],"line":401},"21":{"loc":{"start":{"line":402,"column":2},"end":{"line":402,"column":null}},"type":"if","locations":[{"start":{"line":402,"column":2},"end":{"line":402,"column":null}},{"start":{},"end":{}}],"line":402},"22":{"loc":{"start":{"line":408,"column":2},"end":{"line":408,"column":null}},"type":"if","locations":[{"start":{"line":408,"column":2},"end":{"line":408,"column":null}},{"start":{},"end":{}}],"line":408},"23":{"loc":{"start":{"line":408,"column":6},"end":{"line":408,"column":21}},"type":"binary-expr","locations":[{"start":{"line":408,"column":6},"end":{"line":408,"column":8}},{"start":{"line":408,"column":12},"end":{"line":408,"column":21}}],"line":408},"24":{"loc":{"start":{"line":409,"column":13},"end":{"line":409,"column":28}},"type":"binary-expr","locations":[{"start":{"line":409,"column":13},"end":{"line":409,"column":22}},{"start":{"line":409,"column":26},"end":{"line":409,"column":28}}],"line":409},"25":{"loc":{"start":{"line":410,"column":9},"end":{"line":410,"column":25}},"type":"binary-expr","locations":[{"start":{"line":410,"column":9},"end":{"line":410,"column":19}},{"start":{"line":410,"column":23},"end":{"line":410,"column":25}}],"line":410},"26":{"loc":{"start":{"line":417,"column":32},"end":{"line":417,"column":54}},"type":"binary-expr","locations":[{"start":{"line":417,"column":32},"end":{"line":417,"column":41}},{"start":{"line":417,"column":45},"end":{"line":417,"column":54}}],"line":417},"27":{"loc":{"start":{"line":418,"column":32},"end":{"line":418,"column":47}},"type":"binary-expr","locations":[{"start":{"line":418,"column":32},"end":{"line":418,"column":41}},{"start":{"line":418,"column":45},"end":{"line":418,"column":47}}],"line":418},"28":{"loc":{"start":{"line":427,"column":18},"end":{"line":427,"column":50}},"type":"binary-expr","locations":[{"start":{"line":427,"column":18},"end":{"line":427,"column":44}},{"start":{"line":427,"column":48},"end":{"line":427,"column":50}}],"line":427},"29":{"loc":{"start":{"line":428,"column":15},"end":{"line":428,"column":63}},"type":"cond-expr","locations":[{"start":{"line":428,"column":33},"end":{"line":428,"column":58}},{"start":{"line":428,"column":61},"end":{"line":428,"column":63}}],"line":428},"30":{"loc":{"start":{"line":430,"column":21},"end":{"line":430,"column":117}},"type":"cond-expr","locations":[{"start":{"line":430,"column":37},"end":{"line":430,"column":112}},{"start":{"line":430,"column":115},"end":{"line":430,"column":117}}],"line":430},"31":{"loc":{"start":{"line":431,"column":2},"end":{"line":431,"column":null}},"type":"if","locations":[{"start":{"line":431,"column":2},"end":{"line":431,"column":null}},{"start":{},"end":{}}],"line":431},"32":{"loc":{"start":{"line":431,"column":37},"end":{"line":431,"column":61}},"type":"binary-expr","locations":[{"start":{"line":431,"column":37},"end":{"line":431,"column":49}},{"start":{"line":431,"column":53},"end":{"line":431,"column":61}}],"line":431},"33":{"loc":{"start":{"line":437,"column":4},"end":{"line":439,"column":null}},"type":"if","locations":[{"start":{"line":437,"column":4},"end":{"line":439,"column":null}},{"start":{},"end":{}}],"line":437},"34":{"loc":{"start":{"line":443,"column":51},"end":{"line":443,"column":65}},"type":"binary-expr","locations":[{"start":{"line":443,"column":51},"end":{"line":443,"column":60}},{"start":{"line":443,"column":64},"end":{"line":443,"column":65}}],"line":443},"35":{"loc":{"start":{"line":454,"column":2},"end":{"line":454,"column":null}},"type":"if","locations":[{"start":{"line":454,"column":2},"end":{"line":454,"column":null}},{"start":{},"end":{}}],"line":454},"36":{"loc":{"start":{"line":464,"column":4},"end":{"line":465,"column":null}},"type":"if","locations":[{"start":{"line":464,"column":4},"end":{"line":465,"column":null}},{"start":{"line":465,"column":9},"end":{"line":465,"column":null}}],"line":464},"37":{"loc":{"start":{"line":466,"column":22},"end":{"line":466,"column":43}},"type":"binary-expr","locations":[{"start":{"line":466,"column":22},"end":{"line":466,"column":30}},{"start":{"line":466,"column":34},"end":{"line":466,"column":43}}],"line":466},"38":{"loc":{"start":{"line":466,"column":58},"end":{"line":466,"column":101}},"type":"cond-expr","locations":[{"start":{"line":466,"column":82},"end":{"line":466,"column":90}},{"start":{"line":466,"column":93},"end":{"line":466,"column":101}}],"line":466},"39":{"loc":{"start":{"line":468,"column":41},"end":{"line":468,"column":55}},"type":"binary-expr","locations":[{"start":{"line":468,"column":41},"end":{"line":468,"column":50}},{"start":{"line":468,"column":54},"end":{"line":468,"column":55}}],"line":468},"40":{"loc":{"start":{"line":483,"column":40},"end":{"line":483,"column":54}},"type":"binary-expr","locations":[{"start":{"line":483,"column":40},"end":{"line":483,"column":49}},{"start":{"line":483,"column":53},"end":{"line":483,"column":54}}],"line":483},"41":{"loc":{"start":{"line":496,"column":42},"end":{"line":496,"column":56}},"type":"binary-expr","locations":[{"start":{"line":496,"column":42},"end":{"line":496,"column":51}},{"start":{"line":496,"column":55},"end":{"line":496,"column":56}}],"line":496},"42":{"loc":{"start":{"line":506,"column":4},"end":{"line":506,"column":null}},"type":"if","locations":[{"start":{"line":506,"column":4},"end":{"line":506,"column":null}},{"start":{},"end":{}}],"line":506},"43":{"loc":{"start":{"line":506,"column":8},"end":{"line":506,"column":44}},"type":"binary-expr","locations":[{"start":{"line":506,"column":8},"end":{"line":506,"column":13}},{"start":{"line":506,"column":17},"end":{"line":506,"column":44}}],"line":506},"44":{"loc":{"start":{"line":512,"column":15},"end":{"line":512,"column":62}},"type":"cond-expr","locations":[{"start":{"line":512,"column":43},"end":{"line":512,"column":51}},{"start":{"line":512,"column":54},"end":{"line":512,"column":62}}],"line":512},"45":{"loc":{"start":{"line":513,"column":2},"end":{"line":513,"column":null}},"type":"if","locations":[{"start":{"line":513,"column":2},"end":{"line":513,"column":null}},{"start":{},"end":{}}],"line":513},"46":{"loc":{"start":{"line":520,"column":41},"end":{"line":520,"column":55}},"type":"binary-expr","locations":[{"start":{"line":520,"column":41},"end":{"line":520,"column":50}},{"start":{"line":520,"column":54},"end":{"line":520,"column":55}}],"line":520},"47":{"loc":{"start":{"line":564,"column":32},"end":{"line":564,"column":46}},"type":"binary-expr","locations":[{"start":{"line":564,"column":32},"end":{"line":564,"column":41}},{"start":{"line":564,"column":45},"end":{"line":564,"column":46}}],"line":564},"48":{"loc":{"start":{"line":572,"column":16},"end":{"line":572,"column":55}},"type":"binary-expr","locations":[{"start":{"line":572,"column":16},"end":{"line":572,"column":26}},{"start":{"line":572,"column":30},"end":{"line":572,"column":37}},{"start":{"line":572,"column":41},"end":{"line":572,"column":55}}],"line":572},"49":{"loc":{"start":{"line":573,"column":2},"end":{"line":573,"column":null}},"type":"if","locations":[{"start":{"line":573,"column":2},"end":{"line":573,"column":null}},{"start":{},"end":{}}],"line":573},"50":{"loc":{"start":{"line":579,"column":32},"end":{"line":579,"column":46}},"type":"binary-expr","locations":[{"start":{"line":579,"column":32},"end":{"line":579,"column":41}},{"start":{"line":579,"column":45},"end":{"line":579,"column":46}}],"line":579},"51":{"loc":{"start":{"line":588,"column":2},"end":{"line":588,"column":null}},"type":"if","locations":[{"start":{"line":588,"column":2},"end":{"line":588,"column":null}},{"start":{},"end":{}}],"line":588},"52":{"loc":{"start":{"line":588,"column":6},"end":{"line":588,"column":30}},"type":"binary-expr","locations":[{"start":{"line":588,"column":6},"end":{"line":588,"column":10}},{"start":{"line":588,"column":14},"end":{"line":588,"column":30}}],"line":588},"53":{"loc":{"start":{"line":606,"column":22},"end":{"line":606,"column":45}},"type":"binary-expr","locations":[{"start":{"line":606,"column":22},"end":{"line":606,"column":39}},{"start":{"line":606,"column":43},"end":{"line":606,"column":45}}],"line":606},"54":{"loc":{"start":{"line":619,"column":21},"end":{"line":619,"column":81}},"type":"binary-expr","locations":[{"start":{"line":619,"column":21},"end":{"line":619,"column":30}},{"start":{"line":619,"column":34},"end":{"line":619,"column":81}}],"line":619},"55":{"loc":{"start":{"line":633,"column":2},"end":{"line":633,"column":null}},"type":"if","locations":[{"start":{"line":633,"column":2},"end":{"line":633,"column":null}},{"start":{},"end":{}}],"line":633},"56":{"loc":{"start":{"line":644,"column":15},"end":{"line":644,"column":78}},"type":"cond-expr","locations":[{"start":{"line":644,"column":31},"end":{"line":644,"column":46}},{"start":{"line":644,"column":49},"end":{"line":644,"column":78}}],"line":644},"57":{"loc":{"start":{"line":645,"column":2},"end":{"line":645,"column":null}},"type":"if","locations":[{"start":{"line":645,"column":2},"end":{"line":645,"column":null}},{"start":{},"end":{}}],"line":645},"58":{"loc":{"start":{"line":654,"column":2},"end":{"line":654,"column":null}},"type":"if","locations":[{"start":{"line":654,"column":2},"end":{"line":654,"column":null}},{"start":{},"end":{}}],"line":654},"59":{"loc":{"start":{"line":655,"column":16},"end":{"line":655,"column":69}},"type":"binary-expr","locations":[{"start":{"line":655,"column":16},"end":{"line":655,"column":29}},{"start":{"line":655,"column":33},"end":{"line":655,"column":57}},{"start":{"line":655,"column":61},"end":{"line":655,"column":69}}],"line":655},"60":{"loc":{"start":{"line":6,"column":89},"end":{"line":6,"column":null}},"type":"binary-expr","locations":[{"start":{"line":6,"column":89},"end":{"line":6,"column":91}},{"start":{"line":6,"column":89},"end":{"line":6,"column":null}}],"line":6},"61":{"loc":{"start":{"line":7,"column":10},"end":{"line":7,"column":46}},"type":"binary-expr","locations":[{"start":{"line":7,"column":10},"end":{"line":7,"column":16}},{"start":{"line":7,"column":10},"end":{"line":7,"column":46}}],"line":7},"62":{"loc":{"start":{"line":8,"column":10},"end":{"line":8,"column":30}},"type":"binary-expr","locations":[{"start":{"line":8,"column":10},"end":{"line":8,"column":16}},{"start":{"line":8,"column":10},"end":{"line":8,"column":30}}],"line":8},"63":{"loc":{"start":{"line":9,"column":22},"end":{"line":9,"column":97}},"type":"cond-expr","locations":[{"start":{"line":9,"column":10},"end":{"line":9,"column":97}}],"line":9},"64":{"loc":{"start":{"line":11,"column":89},"end":{"line":11,"column":null}},"type":"binary-expr","locations":[{"start":{"line":11,"column":89},"end":{"line":11,"column":91}},{"start":{"line":11,"column":89},"end":{"line":11,"column":null}}],"line":11},"65":{"loc":{"start":{"line":12,"column":10},"end":{"line":12,"column":47}},"type":"binary-expr","locations":[{"start":{"line":12,"column":10},"end":{"line":12,"column":16}},{"start":{"line":12,"column":10},"end":{"line":12,"column":47}}],"line":12},"66":{"loc":{"start":{"line":13,"column":10},"end":{"line":13,"column":30}},"type":"binary-expr","locations":[{"start":{"line":13,"column":10},"end":{"line":13,"column":16}},{"start":{"line":13,"column":10},"end":{"line":13,"column":30}}],"line":13},"67":{"loc":{"start":{"line":14,"column":22},"end":{"line":14,"column":97}},"type":"cond-expr","locations":[{"start":{"line":14,"column":10},"end":{"line":14,"column":97}}],"line":14},"68":{"loc":{"start":{"line":17,"column":54},"end":{"line":17,"column":82}},"type":"binary-expr","locations":[{"start":{"line":17,"column":54},"end":{"line":17,"column":56}},{"start":{"line":17,"column":54},"end":{"line":17,"column":82}}],"line":17},"69":{"loc":{"start":{"line":18,"column":21},"end":{"line":19,"column":37}},"type":"cond-expr","locations":[{"start":{"line":18,"column":8},"end":{"line":18,"column":57}},{"start":{"line":19,"column":8},"end":{"line":19,"column":37}}],"line":18},"70":{"loc":{"start":{"line":25,"column":15},"end":{"line":28,"column":69}},"type":"cond-expr","locations":[{"start":{"line":25,"column":4},"end":{"line":28,"column":69}}],"line":25},"71":{"loc":{"start":{"line":26,"column":6},"end":{"line":26,"column":20}},"type":"binary-expr","locations":[{"start":{"line":26,"column":6},"end":{"line":26,"column":12}},{"start":{"line":26,"column":6},"end":{"line":26,"column":20}}],"line":26},"72":{"loc":{"start":{"line":28,"column":45},"end":{"line":28,"column":59}},"type":"binary-expr","locations":[{"start":{"line":28,"column":45},"end":{"line":28,"column":47}},{"start":{"line":28,"column":45},"end":{"line":28,"column":59}}],"line":28},"73":{"loc":{"start":{"line":34,"column":17},"end":{"line":172,"column":144}},"type":"cond-expr","locations":[{"start":{"line":34,"column":6},"end":{"line":36,"column":24}},{"start":{"line":40,"column":22},"end":{"line":172,"column":144}}],"line":34},"74":{"loc":{"start":{"line":34,"column":17},"end":{"line":34,"column":53}},"type":"binary-expr","locations":[{"start":{"line":34,"column":17},"end":{"line":34,"column":24}},{"start":{"line":34,"column":28},"end":{"line":34,"column":53}}],"line":34},"75":{"loc":{"start":{"line":37,"column":12},"end":{"line":36,"column":24}},"type":"binary-expr","locations":[{"start":{"line":37,"column":12},"end":{"line":37,"column":null}},{"start":{"line":37,"column":12},"end":{"line":36,"column":24}}],"line":37},"76":{"loc":{"start":{"line":40,"column":22},"end":{"line":172,"column":144}},"type":"cond-expr","locations":[{"start":{"line":40,"column":6},"end":{"line":45,"column":101}},{"start":{"line":49,"column":27},"end":{"line":172,"column":144}}],"line":40},"77":{"loc":{"start":{"line":40,"column":22},"end":{"line":40,"column":72}},"type":"binary-expr","locations":[{"start":{"line":40,"column":22},"end":{"line":40,"column":45}},{"start":{"line":40,"column":45},"end":{"line":40,"column":72}}],"line":40},"78":{"loc":{"start":{"line":41,"column":8},"end":{"line":41,"column":44}},"type":"binary-expr","locations":[{"start":{"line":41,"column":8},"end":{"line":41,"column":13}},{"start":{"line":41,"column":8},"end":{"line":41,"column":44}}],"line":41},"79":{"loc":{"start":{"line":42,"column":8},"end":{"line":42,"column":66}},"type":"binary-expr","locations":[{"start":{"line":42,"column":8},"end":{"line":42,"column":11}},{"start":{"line":42,"column":8},"end":{"line":42,"column":66}}],"line":42},"80":{"loc":{"start":{"line":43,"column":8},"end":{"line":44,"column":78}},"type":"binary-expr","locations":[{"start":{"line":43,"column":8},"end":{"line":43,"column":11}},{"start":{"line":43,"column":8},"end":{"line":44,"column":78}}],"line":43},"81":{"loc":{"start":{"line":45,"column":46},"end":{"line":45,"column":73}},"type":"binary-expr","locations":[{"start":{"line":45,"column":46},"end":{"line":45,"column":48}},{"start":{"line":45,"column":46},"end":{"line":45,"column":73}}],"line":45},"82":{"loc":{"start":{"line":49,"column":27},"end":{"line":172,"column":144}},"type":"cond-expr","locations":[{"start":{"line":49,"column":6},"end":{"line":71,"column":null}},{"start":{"line":78,"column":27},"end":{"line":172,"column":144}}],"line":49},"83":{"loc":{"start":{"line":53,"column":14},"end":{"line":53,"column":52}},"type":"binary-expr","locations":[{"start":{"line":53,"column":14},"end":{"line":53,"column":20}},{"start":{"line":53,"column":14},"end":{"line":53,"column":52}}],"line":53},"84":{"loc":{"start":{"line":55,"column":45},"end":{"line":55,"column":null}},"type":"cond-expr","locations":[{"start":{"line":55,"column":57},"end":{"line":55,"column":null}},{"start":{"line":55,"column":57},"end":{"line":55,"column":null}}],"line":55},"85":{"loc":{"start":{"line":56,"column":16},"end":{"line":56,"column":50}},"type":"binary-expr","locations":[{"start":{"line":56,"column":16},"end":{"line":56,"column":22}},{"start":{"line":56,"column":16},"end":{"line":56,"column":50}}],"line":56},"86":{"loc":{"start":{"line":56,"column":53},"end":{"line":56,"column":null}},"type":"cond-expr","locations":[{"start":{"line":56,"column":65},"end":{"line":56,"column":null}},{"start":{"line":56,"column":65},"end":{"line":56,"column":null}}],"line":56},"87":{"loc":{"start":{"line":60,"column":29},"end":{"line":60,"column":137}},"type":"cond-expr","locations":[{"start":{"line":60,"column":14},"end":{"line":60,"column":137}}],"line":60},"88":{"loc":{"start":{"line":61,"column":28},"end":{"line":61,"column":122}},"type":"cond-expr","locations":[{"start":{"line":61,"column":14},"end":{"line":61,"column":122}}],"line":61},"89":{"loc":{"start":{"line":67,"column":36},"end":{"line":67,"column":76}},"type":"binary-expr","locations":[{"start":{"line":67,"column":36},"end":{"line":67,"column":42}},{"start":{"line":67,"column":36},"end":{"line":67,"column":76}}],"line":67},"90":{"loc":{"start":{"line":68,"column":42},"end":{"line":68,"column":132}},"type":"cond-expr","locations":[{"start":{"line":68,"column":14},"end":{"line":68,"column":132}}],"line":68},"91":{"loc":{"start":{"line":68,"column":57},"end":{"line":68,"column":100}},"type":"binary-expr","locations":[{"start":{"line":68,"column":57},"end":{"line":68,"column":63}},{"start":{"line":68,"column":57},"end":{"line":68,"column":100}}],"line":68},"92":{"loc":{"start":{"line":70,"column":23},"end":{"line":71,"column":null}},"type":"cond-expr","locations":[{"start":{"line":70,"column":12},"end":{"line":71,"column":null}}],"line":70},"93":{"loc":{"start":{"line":78,"column":27},"end":{"line":172,"column":144}},"type":"cond-expr","locations":[{"start":{"line":78,"column":6},"end":{"line":172,"column":144}}],"line":78},"94":{"loc":{"start":{"line":81,"column":10},"end":{"line":84,"column":68}},"type":"binary-expr","locations":[{"start":{"line":81,"column":10},"end":{"line":81,"column":15}},{"start":{"line":81,"column":10},"end":{"line":84,"column":68}}],"line":81},"95":{"loc":{"start":{"line":88,"column":12},"end":{"line":88,"column":175}},"type":"binary-expr","locations":[{"start":{"line":88,"column":12},"end":{"line":88,"column":15}},{"start":{"line":88,"column":12},"end":{"line":88,"column":175}}],"line":88},"96":{"loc":{"start":{"line":91,"column":16},"end":{"line":91,"column":62}},"type":"binary-expr","locations":[{"start":{"line":91,"column":16},"end":{"line":91,"column":22}},{"start":{"line":91,"column":16},"end":{"line":91,"column":62}}],"line":91},"97":{"loc":{"start":{"line":92,"column":32},"end":{"line":92,"column":46}},"type":"binary-expr","locations":[{"start":{"line":92,"column":32},"end":{"line":92,"column":40}},{"start":{"line":92,"column":32},"end":{"line":92,"column":46}}],"line":92},"98":{"loc":{"start":{"line":95,"column":16},"end":{"line":95,"column":62}},"type":"binary-expr","locations":[{"start":{"line":95,"column":16},"end":{"line":95,"column":22}},{"start":{"line":95,"column":16},"end":{"line":95,"column":62}}],"line":95},"99":{"loc":{"start":{"line":96,"column":32},"end":{"line":96,"column":46}},"type":"binary-expr","locations":[{"start":{"line":96,"column":32},"end":{"line":96,"column":40}},{"start":{"line":96,"column":32},"end":{"line":96,"column":46}}],"line":96},"100":{"loc":{"start":{"line":99,"column":16},"end":{"line":99,"column":82}},"type":"binary-expr","locations":[{"start":{"line":99,"column":16},"end":{"line":99,"column":22}},{"start":{"line":99,"column":16},"end":{"line":99,"column":82}}],"line":99},"101":{"loc":{"start":{"line":100,"column":32},"end":{"line":100,"column":51}},"type":"binary-expr","locations":[{"start":{"line":100,"column":32},"end":{"line":100,"column":40}},{"start":{"line":100,"column":32},"end":{"line":100,"column":51}}],"line":100},"102":{"loc":{"start":{"line":102,"column":59},"end":{"line":102,"column":83}},"type":"binary-expr","locations":[{"start":{"line":102,"column":59},"end":{"line":102,"column":61}},{"start":{"line":102,"column":59},"end":{"line":102,"column":83}}],"line":102},"103":{"loc":{"start":{"line":103,"column":19},"end":{"line":103,"column":null}},"type":"cond-expr","locations":[{"start":{"line":103,"column":33},"end":{"line":103,"column":null}},{"start":{"line":103,"column":33},"end":{"line":103,"column":null}}],"line":103},"104":{"loc":{"start":{"line":110,"column":19},"end":{"line":115,"column":103}},"type":"cond-expr","locations":[{"start":{"line":110,"column":8},"end":{"line":115,"column":103}}],"line":110},"105":{"loc":{"start":{"line":111,"column":10},"end":{"line":111,"column":47}},"type":"binary-expr","locations":[{"start":{"line":111,"column":10},"end":{"line":111,"column":15}},{"start":{"line":111,"column":10},"end":{"line":111,"column":47}}],"line":111},"106":{"loc":{"start":{"line":112,"column":10},"end":{"line":112,"column":67}},"type":"binary-expr","locations":[{"start":{"line":112,"column":10},"end":{"line":112,"column":13}},{"start":{"line":112,"column":10},"end":{"line":112,"column":67}}],"line":112},"107":{"loc":{"start":{"line":113,"column":10},"end":{"line":114,"column":81}},"type":"binary-expr","locations":[{"start":{"line":113,"column":10},"end":{"line":113,"column":13}},{"start":{"line":113,"column":10},"end":{"line":114,"column":81}}],"line":113},"108":{"loc":{"start":{"line":115,"column":48},"end":{"line":115,"column":75}},"type":"binary-expr","locations":[{"start":{"line":115,"column":48},"end":{"line":115,"column":50}},{"start":{"line":115,"column":48},"end":{"line":115,"column":75}}],"line":115},"109":{"loc":{"start":{"line":122,"column":14},"end":{"line":122,"column":53}},"type":"binary-expr","locations":[{"start":{"line":122,"column":14},"end":{"line":122,"column":20}},{"start":{"line":122,"column":14},"end":{"line":122,"column":53}}],"line":122},"110":{"loc":{"start":{"line":124,"column":45},"end":{"line":124,"column":null}},"type":"cond-expr","locations":[{"start":{"line":124,"column":57},"end":{"line":124,"column":null}},{"start":{"line":124,"column":57},"end":{"line":124,"column":null}}],"line":124},"111":{"loc":{"start":{"line":125,"column":16},"end":{"line":125,"column":50}},"type":"binary-expr","locations":[{"start":{"line":125,"column":16},"end":{"line":125,"column":22}},{"start":{"line":125,"column":16},"end":{"line":125,"column":50}}],"line":125},"112":{"loc":{"start":{"line":125,"column":53},"end":{"line":125,"column":null}},"type":"cond-expr","locations":[{"start":{"line":125,"column":65},"end":{"line":125,"column":null}},{"start":{"line":125,"column":65},"end":{"line":125,"column":null}}],"line":125},"113":{"loc":{"start":{"line":127,"column":26},"end":{"line":127,"column":92}},"type":"cond-expr","locations":[{"start":{"line":127,"column":14},"end":{"line":127,"column":92}}],"line":127},"114":{"loc":{"start":{"line":130,"column":29},"end":{"line":130,"column":137}},"type":"cond-expr","locations":[{"start":{"line":130,"column":14},"end":{"line":130,"column":137}}],"line":130},"115":{"loc":{"start":{"line":131,"column":28},"end":{"line":131,"column":122}},"type":"cond-expr","locations":[{"start":{"line":131,"column":14},"end":{"line":131,"column":122}}],"line":131},"116":{"loc":{"start":{"line":137,"column":23},"end":{"line":149,"column":184}},"type":"cond-expr","locations":[{"start":{"line":137,"column":12},"end":{"line":149,"column":184}}],"line":137},"117":{"loc":{"start":{"line":138,"column":14},"end":{"line":138,"column":75}},"type":"binary-expr","locations":[{"start":{"line":138,"column":14},"end":{"line":138,"column":20}},{"start":{"line":138,"column":14},"end":{"line":138,"column":75}}],"line":138},"118":{"loc":{"start":{"line":139,"column":26},"end":{"line":146,"column":214}},"type":"cond-expr","locations":[{"start":{"line":139,"column":14},"end":{"line":139,"column":96}},{"start":{"line":140,"column":14},"end":{"line":146,"column":214}}],"line":139},"119":{"loc":{"start":{"line":146,"column":30},"end":{"line":146,"column":214}},"type":"cond-expr","locations":[{"start":{"line":146,"column":16},"end":{"line":146,"column":214}}],"line":146},"120":{"loc":{"start":{"line":146,"column":30},"end":{"line":146,"column":126}},"type":"binary-expr","locations":[{"start":{"line":146,"column":30},"end":{"line":146,"column":78}},{"start":{"line":146,"column":78},"end":{"line":146,"column":126}}],"line":146},"121":{"loc":{"start":{"line":148,"column":26},"end":{"line":149,"column":184}},"type":"cond-expr","locations":[{"start":{"line":148,"column":14},"end":{"line":148,"column":109}},{"start":{"line":149,"column":31},"end":{"line":149,"column":184}}],"line":148},"122":{"loc":{"start":{"line":149,"column":31},"end":{"line":149,"column":184}},"type":"cond-expr","locations":[{"start":{"line":149,"column":14},"end":{"line":149,"column":184}}],"line":149},"123":{"loc":{"start":{"line":155,"column":59},"end":{"line":155,"column":84}},"type":"binary-expr","locations":[{"start":{"line":155,"column":59},"end":{"line":155,"column":84}},{"start":{"line":155,"column":75},"end":{"line":155,"column":84}}],"line":155},"124":{"loc":{"start":{"line":159,"column":25},"end":{"line":172,"column":144}},"type":"cond-expr","locations":[{"start":{"line":159,"column":14},"end":{"line":159,"column":90}},{"start":{"line":160,"column":32},"end":{"line":172,"column":144}}],"line":159},"125":{"loc":{"start":{"line":160,"column":32},"end":{"line":172,"column":144}},"type":"cond-expr","locations":[{"start":{"line":160,"column":14},"end":{"line":160,"column":157}},{"start":{"line":161,"column":14},"end":{"line":172,"column":144}}],"line":160},"126":{"loc":{"start":{"line":160,"column":32},"end":{"line":160,"column":57}},"type":"binary-expr","locations":[{"start":{"line":160,"column":32},"end":{"line":160,"column":57}},{"start":{"line":160,"column":48},"end":{"line":160,"column":57}}],"line":160},"127":{"loc":{"start":{"line":162,"column":37},"end":{"line":162,"column":64}},"type":"binary-expr","locations":[{"start":{"line":162,"column":37},"end":{"line":162,"column":64}},{"start":{"line":162,"column":53},"end":{"line":162,"column":64}}],"line":162},"128":{"loc":{"start":{"line":166,"column":102},"end":{"line":166,"column":140}},"type":"binary-expr","locations":[{"start":{"line":166,"column":102},"end":{"line":166,"column":112}},{"start":{"line":166,"column":112},"end":{"line":166,"column":140}}],"line":166},"129":{"loc":{"start":{"line":169,"column":59},"end":{"line":169,"column":140}},"type":"cond-expr","locations":[{"start":{"line":169,"column":81},"end":{"line":169,"column":140}},{"start":{"line":169,"column":81},"end":{"line":169,"column":140}}],"line":169},"130":{"loc":{"start":{"line":169,"column":140},"end":{"line":169,"column":186}},"type":"cond-expr","locations":[{"start":{"line":169,"column":162},"end":{"line":169,"column":186}},{"start":{"line":169,"column":162},"end":{"line":169,"column":186}}],"line":169},"131":{"loc":{"start":{"line":183,"column":15},"end":{"line":227,"column":83}},"type":"cond-expr","locations":[{"start":{"line":183,"column":4},"end":{"line":227,"column":83}}],"line":183},"132":{"loc":{"start":{"line":191,"column":27},"end":{"line":227,"column":83}},"type":"cond-expr","locations":[{"start":{"line":191,"column":10},"end":{"line":199,"column":null}},{"start":{"line":204,"column":10},"end":{"line":227,"column":83}}],"line":191},"133":{"loc":{"start":{"line":192,"column":12},"end":{"line":192,"column":75}},"type":"binary-expr","locations":[{"start":{"line":192,"column":12},"end":{"line":192,"column":19}},{"start":{"line":192,"column":12},"end":{"line":192,"column":75}}],"line":192},"134":{"loc":{"start":{"line":193,"column":28},"end":{"line":193,"column":43}},"type":"binary-expr","locations":[{"start":{"line":193,"column":28},"end":{"line":193,"column":35}},{"start":{"line":193,"column":28},"end":{"line":193,"column":43}}],"line":193},"135":{"loc":{"start":{"line":195,"column":12},"end":{"line":195,"column":114}},"type":"binary-expr","locations":[{"start":{"line":195,"column":12},"end":{"line":195,"column":15}},{"start":{"line":195,"column":12},"end":{"line":195,"column":114}}],"line":195},"136":{"loc":{"start":{"line":199,"column":19},"end":{"line":199,"column":null}},"type":"cond-expr","locations":[{"start":{"line":199,"column":34},"end":{"line":199,"column":null}},{"start":{"line":199,"column":34},"end":{"line":199,"column":null}}],"line":199},"137":{"loc":{"start":{"line":205,"column":43},"end":{"line":206,"column":32}},"type":"binary-expr","locations":[{"start":{"line":205,"column":43},"end":{"line":205,"column":null}},{"start":{"line":205,"column":43},"end":{"line":206,"column":32}}],"line":205},"138":{"loc":{"start":{"line":206,"column":66},"end":{"line":206,"column":87}},"type":"binary-expr","locations":[{"start":{"line":206,"column":66},"end":{"line":206,"column":78}},{"start":{"line":206,"column":66},"end":{"line":206,"column":87}}],"line":206},"139":{"loc":{"start":{"line":211,"column":28},"end":{"line":211,"column":49}},"type":"binary-expr","locations":[{"start":{"line":211,"column":28},"end":{"line":211,"column":30}},{"start":{"line":211,"column":28},"end":{"line":211,"column":49}}],"line":211},"140":{"loc":{"start":{"line":213,"column":28},"end":{"line":213,"column":51}},"type":"binary-expr","locations":[{"start":{"line":213,"column":28},"end":{"line":213,"column":30}},{"start":{"line":213,"column":28},"end":{"line":213,"column":51}}],"line":213},"141":{"loc":{"start":{"line":216,"column":23},"end":{"line":223,"column":119}},"type":"cond-expr","locations":[{"start":{"line":216,"column":12},"end":{"line":218,"column":70}},{"start":{"line":221,"column":12},"end":{"line":223,"column":119}}],"line":216},"142":{"loc":{"start":{"line":217,"column":25},"end":{"line":218,"column":70}},"type":"cond-expr","locations":[{"start":{"line":217,"column":14},"end":{"line":217,"column":95}},{"start":{"line":218,"column":14},"end":{"line":218,"column":70}}],"line":217},"143":{"loc":{"start":{"line":223,"column":88},"end":{"line":223,"column":119}},"type":"cond-expr","locations":[{"start":{"line":223,"column":94},"end":{"line":223,"column":119}},{"start":{"line":223,"column":94},"end":{"line":223,"column":119}}],"line":223},"144":{"loc":{"start":{"line":235,"column":15},"end":{"line":269,"column":85}},"type":"cond-expr","locations":[{"start":{"line":235,"column":4},"end":{"line":269,"column":85}}],"line":235},"145":{"loc":{"start":{"line":242,"column":21},"end":{"line":269,"column":85}},"type":"cond-expr","locations":[{"start":{"line":242,"column":10},"end":{"line":242,"column":79}},{"start":{"line":243,"column":31},"end":{"line":269,"column":85}}],"line":242},"146":{"loc":{"start":{"line":243,"column":31},"end":{"line":269,"column":85}},"type":"cond-expr","locations":[{"start":{"line":243,"column":10},"end":{"line":246,"column":85}},{"start":{"line":249,"column":10},"end":{"line":269,"column":85}}],"line":243},"147":{"loc":{"start":{"line":253,"column":28},"end":{"line":253,"column":49}},"type":"binary-expr","locations":[{"start":{"line":253,"column":28},"end":{"line":253,"column":30}},{"start":{"line":253,"column":28},"end":{"line":253,"column":49}}],"line":253},"148":{"loc":{"start":{"line":255,"column":28},"end":{"line":255,"column":51}},"type":"binary-expr","locations":[{"start":{"line":255,"column":28},"end":{"line":255,"column":30}},{"start":{"line":255,"column":28},"end":{"line":255,"column":51}}],"line":255},"149":{"loc":{"start":{"line":258,"column":23},"end":{"line":265,"column":119}},"type":"cond-expr","locations":[{"start":{"line":258,"column":12},"end":{"line":260,"column":70}},{"start":{"line":263,"column":12},"end":{"line":265,"column":119}}],"line":258},"150":{"loc":{"start":{"line":259,"column":25},"end":{"line":260,"column":70}},"type":"cond-expr","locations":[{"start":{"line":259,"column":14},"end":{"line":259,"column":95}},{"start":{"line":260,"column":14},"end":{"line":260,"column":70}}],"line":259},"151":{"loc":{"start":{"line":265,"column":88},"end":{"line":265,"column":119}},"type":"cond-expr","locations":[{"start":{"line":265,"column":94},"end":{"line":265,"column":119}},{"start":{"line":265,"column":94},"end":{"line":265,"column":119}}],"line":265}},"s":{"0":1,"1":1,"2":1,"3":1,"4":1,"5":1,"6":1,"7":1,"8":1,"9":1,"10":1,"11":0,"12":1,"13":2,"14":0,"15":1,"16":2,"17":0,"18":1,"19":1,"20":1,"21":1,"22":1,"23":1,"24":1,"25":1,"26":1,"27":1,"28":1,"29":1,"30":1,"31":1,"32":1,"33":1,"34":0,"35":0,"36":0,"37":0,"38":1,"39":1,"40":1,"41":1,"42":0,"43":0,"44":0,"45":0,"46":0,"47":0,"48":0,"49":0,"50":0,"51":0,"52":0,"53":0,"54":0,"55":0,"56":0,"57":0,"58":0,"59":0,"60":0,"61":0,"62":0,"63":0,"64":0,"65":0,"66":0,"67":0,"68":0,"69":0,"70":0,"71":0,"72":0,"73":0,"74":0,"75":0,"76":0,"77":0,"78":0,"79":0,"80":0,"81":0,"82":0,"83":0,"84":0,"85":0,"86":0,"87":0,"88":0,"89":0,"90":0,"91":0,"92":0,"93":0,"94":0,"95":0,"96":0,"97":0,"98":0,"99":0,"100":0,"101":0,"102":0,"103":0,"104":0,"105":0,"106":0,"107":0,"108":0,"109":0,"110":0,"111":0,"112":0,"113":0,"114":0,"115":0,"116":0,"117":0,"118":0,"119":0,"120":0,"121":0,"122":0,"123":0,"124":0,"125":0,"126":0,"127":0,"128":0,"129":0,"130":0,"131":0,"132":0,"133":0,"134":0,"135":0,"136":0,"137":0,"138":0,"139":0,"140":0,"141":0,"142":0,"143":0,"144":0,"145":0,"146":0,"147":0,"148":0,"149":0,"150":0,"151":0,"152":0,"153":0,"154":0,"155":0,"156":0,"157":0,"158":0,"159":0,"160":0,"161":0,"162":0,"163":0,"164":0,"165":0,"166":0,"167":0,"168":0,"169":0,"170":0,"171":0,"172":0,"173":0,"174":0,"175":0,"176":0,"177":0,"178":0,"179":0,"180":0,"181":0,"182":0,"183":0,"184":0,"185":0,"186":0,"187":0,"188":0,"189":0,"190":0,"191":0,"192":0,"193":0,"194":0,"195":0,"196":0,"197":0,"198":0,"199":0,"200":0,"201":0,"202":0,"203":0,"204":0,"205":0,"206":0,"207":0,"208":0,"209":0,"210":0,"211":0,"212":0,"213":0,"214":0,"215":0,"216":0,"217":0,"218":0,"219":0,"220":0,"221":0,"222":0,"223":0,"224":0,"225":0,"226":0,"227":0,"228":0,"229":0,"230":0,"231":0,"232":0,"233":0,"234":0,"235":0,"236":0,"237":1,"238":1,"239":1,"240":1,"241":1,"242":1,"243":1,"244":1,"245":1,"246":1,"247":1,"248":1,"249":1,"250":1,"251":1,"252":1,"253":1,"254":1,"255":1,"256":1,"257":1,"258":1,"259":1,"260":1,"261":1,"262":1,"263":1,"264":1,"265":1,"266":1,"267":1,"268":1,"269":1,"270":1,"271":1,"272":1,"273":1,"274":1,"275":1,"276":1,"277":1,"278":1,"279":1,"280":1,"281":3,"282":0,"283":0,"284":0,"285":0,"286":0,"287":0,"288":0,"289":0,"290":0,"291":0,"292":0,"293":0,"294":0,"295":0,"296":0,"297":0,"298":0,"299":0,"300":0,"301":0,"302":0,"303":0,"304":0,"305":0,"306":0,"307":0,"308":0,"309":0,"310":0},"f":{"0":0,"1":2,"2":0,"3":2,"4":0,"5":1,"6":1,"7":1,"8":0,"9":0,"10":0,"11":0,"12":0,"13":0,"14":0,"15":0,"16":0,"17":0,"18":0,"19":0,"20":0,"21":0,"22":0,"23":0,"24":0,"25":0,"26":0,"27":0,"28":0,"29":0,"30":0,"31":0,"32":0,"33":0,"34":0,"35":0,"36":0,"37":0,"38":0,"39":0,"40":0,"41":0,"42":0,"43":0,"44":0,"45":0,"46":0,"47":0,"48":0,"49":0,"50":0,"51":0,"52":0,"53":0,"54":0,"55":0,"56":0,"57":0,"58":0,"59":0,"60":0,"61":0,"62":0,"63":0,"64":0,"65":0,"66":0,"67":0},"b":{"0":[1,1],"1":[0,0],"2":[0,0],"3":[1,1],"4":[1,1],"5":[1,1],"6":[0,0],"7":[0,0],"8":[0,0],"9":[0,0],"10":[0,0],"11":[0,0],"12":[0,0],"13":[0,0],"14":[0,0],"15":[0,0],"16":[0,0],"17":[0,0],"18":[0,0],"19":[0,0],"20":[0,0],"21":[0,0],"22":[0,0],"23":[0,0],"24":[0,0],"25":[0,0],"26":[0,0],"27":[0,0],"28":[0,0],"29":[0,0],"30":[0,0],"31":[0,0],"32":[0,0],"33":[0,0],"34":[0,0],"35":[0,0],"36":[0,0],"37":[0,0],"38":[0,0],"39":[0,0],"40":[0,0],"41":[0,0],"42":[0,0],"43":[0,0],"44":[0,0],"45":[0,0],"46":[0,0],"47":[0,0],"48":[0,0,0],"49":[0,0],"50":[0,0],"51":[0,0],"52":[0,0],"53":[0,0],"54":[0,0],"55":[0,0],"56":[0,0],"57":[0,0],"58":[0,0],"59":[0,0,0],"60":[3,1],"61":[3,1],"62":[3,1],"63":[0],"64":[3,1],"65":[3,1],"66":[3,1],"67":[0],"68":[3,1],"69":[3,0],"70":[0],"71":[0,0],"72":[0,0],"73":[1,2],"74":[3,1],"75":[1,1],"76":[2,0],"77":[2,2],"78":[2,1],"79":[2,1],"80":[2,1],"81":[2,1],"82":[0,0],"83":[0,0],"84":[0,0],"85":[0,0],"86":[0,0],"87":[0],"88":[0],"89":[0,0],"90":[0],"91":[0,0],"92":[0],"93":[0],"94":[0,0],"95":[0,0],"96":[0,0],"97":[0,0],"98":[0,0],"99":[0,0],"100":[0,0],"101":[0,0],"102":[0,0],"103":[0,0],"104":[0],"105":[0,0],"106":[0,0],"107":[0,0],"108":[0,0],"109":[0,0],"110":[0,0],"111":[0,0],"112":[0,0],"113":[0],"114":[0],"115":[0],"116":[0],"117":[0,0],"118":[0,0],"119":[0],"120":[0,0],"121":[0,0],"122":[0],"123":[0,0],"124":[0,0],"125":[0,0],"126":[0,0],"127":[0,0],"128":[0,0],"129":[0,0],"130":[0,0],"131":[0],"132":[0,0],"133":[0,0],"134":[0,0],"135":[0,0],"136":[0,0],"137":[0,0],"138":[0,0],"139":[0,0],"140":[0,0],"141":[0,0],"142":[0,0],"143":[0,0],"144":[0],"145":[0,0],"146":[0,0],"147":[0,0],"148":[0,0],"149":[0,0],"150":[0,0],"151":[0,0]},"meta":{"lastBranch":0,"lastFunction":0,"lastStatement":0,"seen":{},"fnNames":{}}}
,"D:\\Documents\\Repositories\\xkeen-ui\\xkeen-go\\web\\src\\components\\CommandsTab.vue": {"path":"D:\\Documents\\Repositories\\xkeen-ui\\xkeen-go\\web\\src\\components\\CommandsTab.vue","statementMap":{"0":{"start":{"line":8,"column":11},"end":{"line":8,"column":25}},"1":{"start":{"line":9,"column":24},"end":{"line":9,"column":32}},"2":{"start":{"line":14,"column":18},"end":{"line":14,"column":26}},"3":{"start":{"line":15,"column":15},"end":{"line":15,"column":25}},"4":{"start":{"line":16,"column":18},"end":{"line":16,"column":29}},"5":{"start":{"line":17,"column":17},"end":{"line":17,"column":25}},"6":{"start":{"line":21,"column":20},"end":{"line":21,"column":28}},"7":{"start":{"line":24,"column":4},"end":{"line":24,"column":48}},"8":{"start":{"line":28,"column":4},"end":{"line":28,"column":25}},"9":{"start":{"line":29,"column":4},"end":{"line":29,"column":25}},"10":{"start":{"line":30,"column":4},"end":{"line":47,"column":5}},"11":{"start":{"line":31,"column":36},"end":{"line":31,"column":55}},"12":{"start":{"line":32,"column":8},"end":{"line":32,"column":61}},"13":{"start":{"line":33,"column":20},"end":{"line":33,"column":22}},"14":{"start":{"line":34,"column":8},"end":{"line":36,"column":9}},"15":{"start":{"line":35,"column":12},"end":{"line":35,"column":58}},"16":{"start":{"line":35,"column":42},"end":{"line":35,"column":58}},"17":{"start":{"line":37,"column":8},"end":{"line":37,"column":33}},"18":{"start":{"line":38,"column":8},"end":{"line":40,"column":9}},"19":{"start":{"line":39,"column":12},"end":{"line":39,"column":36}},"20":{"start":{"line":42,"column":8},"end":{"line":42,"column":30}},"21":{"start":{"line":43,"column":8},"end":{"line":43,"column":32}},"22":{"start":{"line":44,"column":8},"end":{"line":44,"column":63}},"23":{"start":{"line":46,"column":8},"end":{"line":46,"column":30}},"24":{"start":{"line":51,"column":4},"end":{"line":51,"column":28}},"25":{"start":{"line":52,"column":4},"end":{"line":52,"column":25}},"26":{"start":{"line":53,"column":4},"end":{"line":68,"column":5}},"27":{"start":{"line":54,"column":36},"end":{"line":54,"column":59}},"28":{"start":{"line":55,"column":8},"end":{"line":55,"column":61}},"29":{"start":{"line":56,"column":20},"end":{"line":56,"column":22}},"30":{"start":{"line":57,"column":8},"end":{"line":59,"column":9}},"31":{"start":{"line":58,"column":12},"end":{"line":58,"column":58}},"32":{"start":{"line":58,"column":42},"end":{"line":58,"column":58}},"33":{"start":{"line":60,"column":8},"end":{"line":60,"column":33}},"34":{"start":{"line":61,"column":8},"end":{"line":63,"column":9}},"35":{"start":{"line":62,"column":12},"end":{"line":62,"column":36}},"36":{"start":{"line":65,"column":8},"end":{"line":65,"column":63}},"37":{"start":{"line":67,"column":8},"end":{"line":67,"column":33}},"38":{"start":{"line":71,"column":0},"end":{"line":71,"column":30}},"39":{"start":{"line":74,"column":4},"end":{"line":81,"column":5}},"40":{"start":{"line":75,"column":21},"end":{"line":75,"column":48}},"41":{"start":{"line":76,"column":8},"end":{"line":76,"column":86}},"42":{"start":{"line":77,"colum
[...]
olumn":20},"end":{"line":50,"column":42}},{"start":{"line":50,"column":45},"end":{"line":50,"column":74}}],"line":50},"15":{"loc":{"start":{"line":81,"column":1},"end":{"line":81,"column":null}},"type":"if","locations":[{"start":{"line":81,"column":1},"end":{"line":81,"column":null}},{"start":{},"end":{}}],"line":81},"16":{"loc":{"start":{"line":82,"column":1},"end":{"line":82,"column":null}},"type":"if","locations":[{"start":{"line":82,"column":1},"end":{"line":82,"column":null}},{"start":{},"end":{}}],"line":82},"17":{"loc":{"start":{"line":95,"column":1},"end":{"line":95,"column":null}},"type":"if","locations":[{"start":{"line":95,"column":1},"end":{"line":95,"column":null}},{"start":{},"end":{}}],"line":95}},"s":{"0":7,"1":2,"2":5,"3":5,"4":5,"5":10,"6":10,"7":5,"8":5,"9":2,"10":3,"11":3,"12":3,"13":3,"14":3,"15":3,"16":5,"17":1,"18":4,"19":4,"20":4,"21":6,"22":6,"23":4,"24":4,"25":2,"26":2,"27":1,"28":1,"29":4,"30":2,"31":2,"32":2,"33":1,"34":1,"35":1,"36":5,"37":1,"38":4,"39":12,"40":4,"41":4},"f":{"0":7,"1":5,"2":5,"3":4,"4":1,"5":1,"6":4,"7":5,"8":12},"b":{"0":[2,5],"1":[7,6],"2":[5,10],"3":[1,4],"4":[2,3],"5":[5,4],"6":[3,3],"7":[1,2],"8":[1,4],"9":[5,4],"10":[4,6],"11":[1,3],"12":[2,2],"13":[4,3],"14":[1,1],"15":[2,2],"16":[1,1],"17":[1,4]},"meta":{"lastBranch":18,"lastFunction":9,"lastStatement":42,"seen":{"f:9:16:9:24":0,"b:10:1:10:Infinity:undefined:undefined:undefined:undefined":0,"s:10:1:10:Infinity":0,"b:10:5:10:7:10:11:10:17":1,"s:10:19:10:Infinity":1,"s:11:15:11:44":2,"s:12:9:12:10":3,"s:13:1:13:Infinity":4,"b:13:8:13:17:13:21:13:41":2,"s:13:45:13:55":5,"s:13:56:13:60":6,"s:14:1:14:Infinity":7,"b:14:28:14:29:14:32:14:33":3,"f:22:16:22:23":1,"b:23:1:23:Infinity:undefined:undefined:undefined:undefined":4,"s:23:1:23:Infinity":8,"b:23:5:23:7:23:11:23:17":5,"s:23:19:23:Infinity":9,"s:24:15:24:46":10,"s:25:9:25:10":11,"s:26:1:26:Infinity":12,"b:26:8:26:17:26:21:26:41":6,"s:26:45:26:55":13,"s:26:56:26:60":14,"s:27:1:27:Infinity":15,"b:27:28:27:29:27:32:27:33":7,"f:35:16:35:28":2,"b:36:1:36:Infinity:undefined:undefined:undefined:undefined":8,"s:36:1:36:Infinity":16,"b:36:5:36:7:36:11:36:17":9,"s:36:19:36:Infinity":17,"s:37:15:37:35":18,"s:38:9:38:10":19,"s:39:1:39:Infinity":20,"b:39:8:39:17:39:21:39:41":10,"s:39:45:39:55":21,"s:39:56:39:60":22,"s:40:1:40:Infinity":23,"b:40:28:40:29:40:32:40:33":11,"f:48:16:48:24":3,"b:49:1:49:Infinity:undefined:undefined:undefined:undefined":12,"s:49:1:49:Infinity":24,"b:49:5:49:8:49:12:49:19":13,"s:49:21:49:Infinity":25,"s:50:1:50:Infinity":26,"b:50:20:50:42:50:45:50:74":14,"f:58:16:58:23":4,"s:59:1:61:Infinity":27,"f:69:16:69:28":5,"s:70:1:72:Infinity":28,"f:80:16:80:27":6,"b:81:1:81:Infinity:undefined:undefined:undefined:undefined":15,"s:81:1:81:Infinity":29,"s:81:19:81:Infinity":30,"b:82:1:82:Infinity:undefined:undefined:undefined:undefined":16,"s:82:1:82:Infinity":31,"s:82:21:82:Infinity":32,"s:83:11:83:37":33,"s:84:11:84:44":34,"s:85:1:85:Infinity":35,"f:94:16:94:26":7,"b:95:1:95:Infinity:undefined:undefined:undefined:undefined":17,"s:95:1:95:Infinity":36,"s:95:18:95:Infinity":37,"s:96:16:96:46":38,"f:96:30:96:31":8,"s:96:40:96:45":39,"s:97:13:97:53":40,"s:98:1:98:Infinity":41},"fnNames":{}}}
,"D:\\Documents\\Repositories\\xkeen-ui\\xkeen-go\\web\\src\\utils\\metrics-rates.js": {"path":"D:\\Documents\\Repositories\\xkeen-ui\\xkeen-go\\web\\src\\utils\\metrics-rates.js","statementMap":{"0":{"start":{"line":22,"column":2},"end":{"line":22,"column":null}},"1":{"start":{"line":22,"column":29},"end":{"line":22,"column":null}},"2":{"start":{"line":23,"column":13},"end":{"line":23,"column":37}},"3":{"start":{"line":24,"column":2},"end":{"line":24,"column":null}},"4":{"start":{"line":24,"column":15},"end":{"line":24,"column":null}},"5":{"start":{"line":25,"column":17},"end":{"line":25,"column":46}},"6":{"start":{"line":26,"column":2},"end":{"line":36,"column":null}},"7":{"start":{"line":27,"column":19},"end":{"line":27,"column":31}},"8":{"start":{"line":28,"column":20},"end":{"line":28,"column":33}},"9":{"start":{"line":29,"column":4},"end":{"line":35,"column":null}},"10":{"start":{"line":30,"column":6},"end":{"line":34,"column":null}},"11":{"start":{"line":31,"column":19},"end":{"line":31,"column":99}},"12":{"start":{"line":32,"column":19},"end":{"line":32,"column":95}},"13":{"start":{"line":33,"column":8},"end":{"line":33,"column":null}},"14":{"start":{"line":37,"column":2},"end":{"line":37,"column":null}},"15":{"start":{"line":49,"column":2},"end":{"line":49,"column":null}},"16":{"start":{"line":65,"column":2},"end":{"line":65,"column":null}},"17":{"start":{"line":65,"column":38},"end":{"line":65,"column":null}},"18":{"start":{"line":66,"column":17},"end":{"line":66,"column":19}},"19":{"start":{"line":67,"column":13},"end":{"line":67,"column":15}},"20":{"start":{"line":67,"column":22},"end":{"line":67,"column":24}},"21":{"start":{"line":69,"column":2},"end":{"line":84,"column":null}},"22":{"start":{"line":69,"column":15},"end":{"line":69,"column":16}},"23":{"start":{"line":70,"column":17},"end":{"line":70,"column":31}},"24":{"start":{"line":70,"column":39},"end":{"line":70,"column":49}},"25":{"start":{"line":71,"column":15},"end":{"line":71,"column":31}},"26":{"start":{"line":72,"column":4},"end":{"line":72,"column":null}},"27":{"start":{"line":72,"column":17},"end":{"line":72,"column":null}},"28":{"start":{"line":73,"column":4},"end":{"line":73,"column":null}},"29":{"start":{"line":75,"column":14},"end":{"line":75,"column":15}},"30":{"start":{"line":75,"column":23},"end":{"line":75,"column":24}},"31":{"start":{"line":76,"column":4},"end":{"line":82,"column":null}},"32":{"start":{"line":77,"column":6},"end":{"line":81,"column":null}},"33":{"start":{"line":78,"column":20},"end":{"line":78,"column":52}},"34":{"start":{"line":78,"column":60},"end":{"line":78,"column":93}},"35":{"start":{"line":79,"column":20},"end":{"line":79,"column":50}},"36":{"start":{"line":79,"column":58},"end":{"line":79,"column":89}},"37":{"start":{"line":80,"column":8},"end":{"line":80,"column":null}},"38":{"start":{"line":80,"column":26},"end":{"line":80,"column":50}},"39":{"start":{"line":80,"column":51},"end":{"line":80,"column":75}},"40":{"start":{"line":83,"column":4},"end":{"line":83,"column":17}},"41":{"start":{"line":83,"column":18},"end":{"line":83,"column":null}},"42":{"start":{"line":85,"column":2},"end":{"line":85,"column":null}},"43":{"start":{"line":96,"column":11},"end":{"line":96,"column":12}},"44":{"start":{"line":96,"column":19},"end":{"line":96,"column":20}},"45":{"start":{"line":97,"column":2},"end":{"line":97,"column":null}},"46":{"start":{"line":97,"column":39},"end":{"line":97,"column":null}},"47":{"start":{"line":98,"column":2},"end":{"line":101,"column":null}},"48":{"start":{"line":99,"column":4},"end":{"line":99,"column":null}},"49":{"start":{"line":100,"column":4},"end":{"line":100,"column":null}},"50":{"start":{"line":102,"column":2},"end":{"line":102,"column":null}}},"fnMap":{"0":{"name":"computeTagRates","decl":{"start":{"line":21,"column":16},"end":{"line":21,"column":31}},"loc":{"start":{"line":21,"column":51},"end":{"line":38,"column":null}},"line":21},"1":{"name":"fmtTimeLabel","decl":{"start":{"line":48,"column":9},"end":{"line":48,"column":21}},"loc":{"start":{"line":48,"column":26},"end":{"line":50,"column":null}},"line":48},"2":{"name":"computeChartData","decl":{"start":{"line":64,"column":16},"end":{"line":64,"column":32}},"loc":{"start":{"line":64,"column":42},"end":{"line":86,"column":null}},"line":64},"3":{"name":"totalOutboundRates","decl":{"start":{"line":95,"column":16},"end":{"line":95,"column":34}},"loc":{"start":{"line":95,"column":45},"end":{"line":103,"column":null}},"line":95}},"branchMap":{"0":{"loc":{"start":{"line":22,"column":2},"end":{"line":22,"column":null}},"type":"if","locations":[{"start":{"line":22,"column":2},"end":{"line":22,"column":null}},{"start":{},"end":{}}],"line":22},"1":{"loc":{"start":{"line":22,"column":6},"end":{"line":22,"column":27}},"type":"binary-expr","locations":[{"start":{"line":22,"column":6},"end":{"line":22,"column":14}},{"start":{"line":22,"column":18},"end":{"line":22,"column":27}}],"line":22},"2":{"loc":{"start":{"line":24,"column":2},"end":{"line":24,"column":null}},"type":"if","locations":[{"start":{"line":24,"column":2},"end":{"line":24,"column":null}},{"start":{},"end":{}}],"line":24},"3":{"loc":{"start":{"line":29,"column":4},"end":{"line":35,"column":null}},"type":"if","locations":[{"start":{"line":29,"column":4},"end":{"line":35,"column":null}},{"start":{},"end":{}}],"line":29},"4":{"loc":{"start":{"line":29,"column":8},"end":{"line":29,"column":25}},"type":"binary-expr","locations":[{"start":{"line":29,"column":8},"end":{"line":29,"column":14}},{"start":{"line":29,"column":18},"end":{"line":29,"column":25}}],"line":29},"5":{"loc":{"start":{"line":31,"column":33},"end":{"line":31,"column":59}},"type":"binary-expr","locations":[{"start":{"line":31,"column":33},"end":{"line":31,"column":54}},{"start":{"line":31,"column":58},"end":{"line":31,"column":59}}],"line":31},"6":{"loc":{"start":{"line":31,"column":64},"end":{"line":31,"column":91}},"type":"binary-expr","locations":[{"start":{"line":31,"column":64},"end":{"line":31,"column":86}},{"start":{"line":31,"column":90},"end":{"line":31,"column":91}}],"line":31},"7":{"loc":{"start":{"line":32,"column":33},"end":{"line":32,"column":57}},"type":"binary-expr","locations":[{"start":{"line":32,"column":33},"end":{"line":32,"column":52}},{"start":{"line":32,"column":56},"end":{"line":32,"column":57}}],"line":32},"8":{"loc":{"start":{"line":32,"column":62},"end":{"line":32,"column":87}},"type":"binary-expr","locations":[{"start":{"line":32,"column":62},"end":{"line":32,"column":82}},{"start":{"line":32,"column":86},"end":{"line":32,"column":87}}],"line":32},"9":{"loc":{"start":{"line":65,"column":2},"end":{"line":65,"column":null}},"type":"if","locations":[{"start":{"line":65,"column":2},"end":{"line":65,"column":null}},{"start":{},"end":{}}],"line":65},"10":{"loc":{"start":{"line":65,"column":6},"end":{"line":65,"column":36}},"type":"binary-expr","locations":[{"start":{"line":65,"column":6},"end":{"line":65,"column":14}},{"start":{"line":65,"column":18},"end":{"line":65,"column":36}}],"line":65},"11":{"loc":{"start":{"line":72,"column":4},"end":{"line":72,"column":null}},"type":"if","locations":[{"start":{"line":72,"column":4},"end":{"line":72,"column":null}},{"start":{},"end":{}}],"line":72},"12":{"loc":{"start":{"line":76,"column":4},"end":{"line":82,"column":null}},"type":"if","locations":[{"start":{"line":76,"column":4},"end":{"line":82,"column":null}},{"start":{},"end":{}}],"line":76},"13":{"loc":{"start":{"line":76,"column":8},"end":{"line":76,"column":37}},"type":"binary-expr","locations":[{"start":{"line":76,"column":8},"end":{"line":76,"column":20}},{"start":{"line":76,"column":24},"end":{"line":76,"column":37}}],"line":76},"14":{"loc":{"start":{"line":78,"column":20},"end":{"line":78,"column":52}},"type":"binary-expr","locations":[{"start":{"line":78,"column":20},"end":{"line":78,"column":47}},{"start":{"line":78,"column":51},"end":{"line":78,"column":52}}],"line":78},"15":{"loc":{"start":{"line":78,"column":60},"end":{"line":78,"column":93}},"type":"binary-expr","locations":[{"start":{"line":78,"column":60},"end":{"line":78,"column":88}},{"start":{"line":78,"column":92},"end":{"line":78,"column":93}}],"line":78},"16":{"loc":{"start":{"line":79,"column":20},"end":{"line":79,"column":50}},"type":"binary-expr","locations":[{"start":{"line":79,"column":20},"end":{"line":79,"column":45}},{"start":{"line":79,"column":49},"end":{"line":79,"column":50}}],"line":79},"17":{"loc":{"start":{"line":79,"column":58},"end":{"line":79,"column":89}},"type":"binary-expr","locations":[{"start":{"line":79,"column":58},"end":{"line":79,"column":84}},{"start":{"line":79,"column":88},"end":{"line":79,"column":89}}],"line":79},"18":{"loc":{"start":{"line":80,"column":8},"end":{"line":80,"column":null}},"type":"if","locations":[{"start":{"line":80,"column":8},"end":{"line":80,"column":null}},{"start":{},"end":{}}],"line":80},"19":{"loc":{"start":{"line":97,"column":2},"end":{"line":97,"column":null}},"type":"if","locations":[{"start":{"line":97,"column":2},"end":{"line":97,"column":null}},{"start":{},"end":{}}],"line":97},"20":{"loc":{"start":{"line":97,"column":6},"end":{"line":97,"column":37}},"type":"binary-expr","locations":[{"start":{"line":97,"column":6},"end":{"line":97,"column":15}},{"start":{"line":97,"column":19},"end":{"line":97,"column":37}}],"line":97}},"s":{"0":9,"1":2,"2":7,"3":7,"4":2,"5":5,"6":5,"7":10,"8":10,"9":10,"10":6,"11":7,"12":7,"13":7,"14":5,"15":9,"16":13,"17":5,"18":8,"19":8,"20":8,"21":8,"22":8,"23":10,"24":10,"25":10,"26":10,"27":1,"28":9,"29":9,"30":9,"31":9,"32":7,"33":9,"34":9,"35":9,"36":9,"37":9,"38":8,"39":8,"40":9,"41":9,"42":8,"43":6,"44":6,"45":6,"46":3,"47":3,"48":3,"49":3,"50":3},"f":{"0":9,"1":9,"2":13,"3":6},"b":{"0":[2,7],"1":[9,8],"2":[2,5],"3":[6,4],"4":[10,7],"5":[7,0],"6":[7,0],"7":[7,1],"8":[7,0],"9":[5,8],"10":[13,11],"11":[1,9],"12":[7,2],"13":[9,8],"14":[9,0],"15":[9,1],"16":[9,0],"17":[9,2],"18":[8,1],"19":[3,3],"20":[6,4]},"meta":{"lastBranch":21,"lastFunction":4,"lastStatement":51,"seen":{"f:21:16:21:31":0,"b:22:2:22:Infinity:undefined:undefined:undefined:undefined":0,"s:22:2:22:Infinity":0,"b:22:6:22:14:22:18:22:27":1,"s:22:29:22:Infinity":1,"s:23:13:23:37":2,"b:24:2:24:Infinity:undefined:undefined:undefined:undefined":2,"s:24:2:24:Infinity":3,"s:24:15:24:Infinity":4,"s:25:17:25:46":5,"s:26:2:36:Infinity":6,"s:27:19:27:31":7,"s:28:20:28:33":8,"b:29:4:35:Infinity:undefined:undefined:undefined:undefined":3,"s:29:4:35:Infinity":9,"b:29:8:29:14:29:18:29:25":4,"s:30:6:34:Infinity":10,"s:31:19:31:99":11,"b:31:33:31:54:31:58:31:59":5,"b:31:64:31:86:31:90:31:91":6,"s:32:19:32:95":12,"b:32:33:32:52:32:56:32:57":7,"b:32:62:32:82:32:86:32:87":8,"s:33:8:33:Infinity":13,"s:37:2:37:Infinity":14,"f:48:9:48:21":1,"s:49:2:49:Infinity":15,"f:64:16:64:32":2,"b:65:2:65:Infinity:undefined:undefined:undefined:undefined":9,"s:65:2:65:Infinity":16,"b:65:6:65:14:65:18:65:36":10,"s:65:38:65:Infinity":17,"s:66:17:66:19":18,"s:67:13:67:15":19,"s:67:22:67:24":20,"s:69:2:84:Infinity":21,"s:69:15:69:16":22,"s:70:17:70:31":23,"s:70:39:70:49":24,"s:71:15:71:31":25,"b:72:4:72:Infinity:undefined:undefined:undefined:undefined":11,"s:72:4:72:Infinity":26,"s:72:17:72:Infinity":27,"s:73:4:73:Infinity":28,"s:75:14:75:15":29,"s:75:23:75:24":30,"b:76:4:82:Infinity:undefined:undefined:undefined:undefined":12,"s:76:4:82:Infinity":31,"b:76:8:76:20:76:24:76:37":13,"s:77:6:81:Infinity":32,"s:78:20:78:52":33,"b:78:20:78:47:78:51:78:52":14,"s:78:60:78:93":34,"b:78:60:78:88:78:92:78:93":15,"s:79:20:79:50":35,"b:79:20:79:45:79:49:79:50":16,"s:79:58:79:89":36,"b:79:58:79:84:79:88:79:89":17,"b:80:8:80:Infinity:undefined:undefined:undefined:undefined":18,"s:80:8:80:Infinity":37,"s:80:26:80:50":38,"s:80:51:80:75":39,"s:83:4:83:17":40,"s:83:18:83:Infinity":41,"s:85:2:85:Infinity":42,"f:95:16:95:34":3,"s:96:11:96:12":43,"s:96:19:96:20":44,"b:97:2:97:Infinity:undefined:undefined:undefined:undefined":19,"s:97:2:97:Infinity":45,"b:97:6:97:15:97:19:97:37":20,"s:97:39:97:Infinity":46,"s:98:2:101:Infinity":47,"s:99:4:99:Infinity":48,"s:100:4:100:Infinity":49,"s:102:2:102:Infinity":50},"fnNames":{}}}
,"D:\\Documents\\Repositories\\xkeen-ui\\xkeen-go\\web\\src\\utils\\subscriptions-grouping.js": {"path":"D:\\Documents\\Repositories\\xkeen-ui\\xkeen-go\\web\\src\\utils\\subscriptions-grouping.js","statementMap":{"0":{"start":{"line":13,"column":4},"end":{"line":13,"column":null}},"1":{"start":{"line":13,"column":31},"end":{"line":13,"column":52}},"2":{"start":{"line":23,"column":16},"end":{"line":23,"column":68}},"3":{"start":{"line":23,"column":41},"end":{"line":23,"column":50}},"4":{"start":{"line":24,"column":4},"end":{"line":24,"column":null}},"5":{"start":{"line":38,"column":4},"end":{"line":38,"column":null}},"6":{"start":{"line":38,"column":18},"end":{"line":38,"column":null}},"7":{"start":{"line":39,"column":4},"end":{"line":39,"column":null}},"8":{"start":{"line":39,"column":54},"end":{"line":39,"column":null}},"9":{"start":{"line":40,"column":4},"end":{"line":40,"column":null}},"10":{"start":{"line":40,"column":54},"end":{"line":40,"column":null}},"11":{"start":{"line":41,"column":4},"end":{"line":41,"column":null}},"12":{"start":{"line":53,"column":14},"end":{"line":53,"column":33}},"13":{"start":{"line":54,"column":4},"end":{"line":56,"column":null}},"14":{"start":{"line":55,"column":8},"end":{"line":55,"column":null}},"15":{"start":{"line":55,"column":60},"end":{"line":55,"column":95}}},"fnMap":{"0":{"name":"countByCountry","decl":{"start":{"line":12,"column":16},"end":{"line":12,"column":30}},"loc":{"start":{"line":12,"column":49},"end":{"line":14,"column":null}},"line":12},"1":{"name":"(anonymous_1)","decl":{"start":{"line":13,"column":26},"end":{"line":13,"column":27}},"loc":{"start":{"line":13,"column":31},"end":{"line":13,"column":52}},"line":13},"2":{"name":"uniqueCountries","decl":{"start":{"line":22,"column":16},"end":{"line":22,"column":31}},"loc":{"start":{"line":22,"column":41},"end":{"line":25,"column":null}},"line":22},"3":{"name":"(anonymous_3)","decl":{"start":{"line":23,"column":36},"end":{"line":23,"column":37}},"loc":{"start":{"line":23,"column":41},"end":{"line":23,"column":50}},"line":23},"4":{"name":"countryState","decl":{"start":{"line":37,"column":16},"end":{"line":37,"column":28}},"loc":{"start":{"line":37,"column":47},"end":{"line":42,"column":null}},"line":37},"5":{"name":"textFilterProxies","decl":{"start":{"line":52,"column":16},"end":{"line":52,"column":33}},"loc":{"start":{"line":52,"column":50},"end":{"line":57,"column":null}},"line":52},"6":{"name":"(anonymous_6)","decl":{"start":{"line":54,"column":26},"end":{"line":54,"column":27}},"loc":{"start":{"line":55,"column":8},"end":{"line":55,"column":null}},"line":55},"7":{"name":"(anonymous_7)","decl":{"start":{"line":55,"column":55},"end":{"line":55,"column":56}},"loc":{"start":{"line":55,"column":60},"end":{"line":55,"column":95}},"line":55}},"branchMap":{"0":{"loc":{"start":{"line":38,"column":4},"end":{"line":38,"column":null}},"type":"if","locations":[{"start":{"line":38,"column":4},"end":{"line":38,"column":null}},{"start":{},"end":{}}],"line":38},"1":{"loc":{"start":{"line":39,"column":4},"end":{"line":39,"column":null}},"type":"if","locations":[{"start":{"line":39,"column":4},"end":{"line":39,"column":null}},{"start":{},"end":{}}],"line":39},"2":{"loc":{"start":{"line":40,"column":4},"end":{"line":40,"column":null}},"type":"if","locations":[{"start":{"line":40,"column":4},"end":{"line":40,"column":null}},{"start":{},"end":{}}],"line":40},"3":{"loc":{"start":{"line":55,"column":61},"end":{"line":55,"column":68}},"type":"binary-expr","locations":[{"start":{"line":55,"column":61},"end":{"line":55,"column":62}},{"start":{"line":55,"column":66},"end":{"line":55,"column":68}}],"line":55}},"s":{"0":9,"1":40,"2":6,"3":23,"4":6,"5":11,"6":2,"7":9,"8":3,"9":6,"10":2,"11":4,"12":10,"13":10,"14":46,"15":147},"f":{"0":9,"1":40,"2":6,"3":23,"4":11,"5":10,"6":46,"7":147},"b":{"0":[2,9],"1":[3,6],"2":[2,4],"3":[147,11]},"meta":{"lastBranch":4,"lastFunction":8,"lastStatement":16,"seen":{"f:12:16:12:30":0,"s:13:4:13:Infinity":0,"f:13:26:13:27":1,"s:13:31:13:52":1,"f:22:16:22:31":2,"s:23:16:23:68":2,"f:23:36:23:37":3,"s:23:41:23:50":3,"s:24:4:24:Infinity":4,"f:37:16:37:28":4,"b:38:4:38:Infinity:undefined:undefined:undefined:undefined":0,"s:38:4:38:Infinity":5,"s:38:18:38:Infinity":6,"b:39:4:39:Infinity:undefined:undefined:undefined:undefined":1,"s:39:4:39:Infinity":7,"s:39:54:39:Infinity":8,"b:40:4:40:Infinity:undefined:undefined:undefined:undefined":2,"s:40:4:40:Infinity":9,"s:40:54:40:Infinity":10,"s:41:4:41:Infinity":11,"f:52:16:52:33":5,"s:53:14:53:33":12,"s:54:4:56:Infinity":13,"f:54:26:54:27":6,"s:55:8:55:Infinity":14,"f:55:55:55:56":7,"s:55:60:55:95":15,"b:55:61:55:62:55:66:55:68":3},"fnNames":{}}}
}
